{"/Users/nickdancer/Code/Second Brain/second-brain/src/backup.ts": {"path":"/Users/nickdancer/Code/Second Brain/second-brain/src/backup.ts","statementMap":{"0":{"start":{"line":7,"column":0},"end":{"line":7,"column":null}},"1":{"start":{"line":35,"column":23},"end":{"line":35,"column":25}},"2":{"start":{"line":39,"column":12},"end":{"line":39,"column":35}},"3":{"start":{"line":40,"column":12},"end":{"line":40,"column":30}},"4":{"start":{"line":41,"column":12},"end":{"line":41,"column":28}},"5":{"start":{"line":49,"column":22},"end":{"line":49,"column":32}},"6":{"start":{"line":50,"column":18},"end":{"line":50,"column":55}},"7":{"start":{"line":51,"column":29},"end":{"line":51,"column":31}},"8":{"start":{"line":52,"column":24},"end":{"line":52,"column":25}},"9":{"start":{"line":53,"column":23},"end":{"line":53,"column":24}},"10":{"start":{"line":54,"column":21},"end":{"line":54,"column":22}},"11":{"start":{"line":56,"column":4},"end":{"line":103,"column":5}},"12":{"start":{"line":58,"column":24},"end":{"line":58,"column":56}},"13":{"start":{"line":60,"column":6},"end":{"line":99,"column":7}},"14":{"start":{"line":61,"column":8},"end":{"line":98,"column":9}},"15":{"start":{"line":62,"column":25},"end":{"line":62,"column":37}},"16":{"start":{"line":63,"column":25},"end":{"line":63,"column":53}},"17":{"start":{"line":66,"column":31},"end":{"line":66,"column":81}},"18":{"start":{"line":68,"column":10},"end":{"line":93,"column":11}},"19":{"start":{"line":70,"column":28},"end":{"line":70,"column":64}},"20":{"start":{"line":71,"column":12},"end":{"line":74,"column":13}},"21":{"start":{"line":72,"column":14},"end":{"line":72,"column":62}},"22":{"start":{"line":73,"column":14},"end":{"line":73,"column":23}},"23":{"start":{"line":77,"column":12},"end":{"line":87,"column":14}},"24":{"start":{"line":89,"column":12},"end":{"line":89,"column":28}},"25":{"start":{"line":90,"column":12},"end":{"line":90,"column":40}},"26":{"start":{"line":92,"column":12},"end":{"line":92,"column":27}},"27":{"start":{"line":96,"column":12},"end":{"line":96,"column":68}},"28":{"start":{"line":97,"column":10},"end":{"line":97,"column":71}},"29":{"start":{"line":101,"column":23},"end":{"line":101,"column":79}},"30":{"start":{"line":102,"column":6},"end":{"line":102,"column":60}},"31":{"start":{"line":105,"column":20},"end":{"line":105,"column":30}},"32":{"start":{"line":107,"column":4},"end":{"line":115,"column":6}},"33":{"start":{"line":126,"column":4},"end":{"line":148,"column":5}},"34":{"start":{"line":127,"column":25},"end":{"line":131,"column":null}},"35":{"start":{"line":135,"column":27},"end":{"line":135,"column":54}},"36":{"start":{"line":136,"column":6},"end":{"line":138,"column":7}},"37":{"start":{"line":137,"column":8},"end":{"line":137,"column":21}},"38":{"start":{"line":140,"column":6},"end":{"line":140,"column":18}},"39":{"start":{"line":143,"column":6},"end":{"line":145,"column":7}},"40":{"start":{"line":144,"column":8},"end":{"line":144,"column":20}},"41":{"start":{"line":147,"column":6},"end":{"line":147,"column":18}},"42":{"start":{"line":156,"column":29},"end":{"line":156,"column":31}},"43":{"start":{"line":157,"column":23},"end":{"line":157,"column":24}},"44":{"start":{"line":159,"column":4},"end":{"line":219,"column":5}},"45":{"start":{"line":161,"column":25},"end":{"line":165,"column":null}},"46":{"start":{"line":168,"column":6},"end":{"line":170,"column":7}},"47":{"start":{"line":169,"column":8},"end":{"line":169,"column":47}},"48":{"start":{"line":173,"column":22},"end":{"line":173,"column":49}},"49":{"start":{"line":174,"column":6},"end":{"line":186,"column":7}},"50":{"start":{"line":175,"column":8},"end":{"line":175,"column":31}},"51":{"start":{"line":175,"column":22},"end":{"line":175,"column":31}},"52":{"start":{"line":178,"column":22},"end":{"line":178,"column":70}},"53":{"start":{"line":179,"column":8},"end":{"line":185,"column":9}},"54":{"start":{"line":180,"column":23},"end":{"line":180,"column":31}},"55":{"start":{"line":181,"column":10},"end":{"line":183,"column":11}},"56":{"start":{"line":182,"column":12},"end":{"line":182,"column":34}},"57":{"start":{"line":184,"column":10},"end":{"line":184,"column":43}},"58":{"start":{"line":189,"column":25},"end":{"line":189,"column":35}},"59":{"start":{"line":190,"column":6},"end":{"line":190,"column":64}},"60":{"start":{"line":191,"column":24},"end":{"line":191,"column":62}},"61":{"start":{"line":193,"column":6},"end":{"line":215,"column":7}},"62":{"start":{"line":194,"column":8},"end":{"line":214,"column":9}},"63":{"start":{"line":195,"column":10},"end":{"line":213,"column":11}},"64":{"start":{"line":197,"column":12},"end":{"line":208,"column":13}},"65":{"start":{"line":197,"column":25},"end":{"line":197,"column":26}},"66":{"start":{"line":198,"column":28},"end":{"line":198,"column":51}},"67":{"start":{"line":199,"column":14},"end":{"line":206,"column":16}},"68":{"start":{"line":203,"column":49},"end":{"line":203,"column":61}},"69":{"start":{"line":207,"column":14},"end":{"line":207,"column":43}},"70":{"start":{"line":211,"column":14},"end":{"line":211,"column":70}},"71":{"start":{"line":212,"column":12},"end":{"line":212,"column":77}},"72":{"start":{"line":217,"column":23},"end":{"line":217,"column":79}},"73":{"start":{"line":218,"column":6},"end":{"line":218,"column":60}},"74":{"start":{"line":221,"column":4},"end":{"line":221,"column":36}},"75":{"start":{"line":228,"column":4},"end":{"line":262,"column":5}},"76":{"start":{"line":229,"column":25},"end":{"line":233,"column":null}},"77":{"start":{"line":237,"column":20},"end":{"line":237,"column":37}},"78":{"start":{"line":238,"column":6},"end":{"line":247,"column":7}},"79":{"start":{"line":239,"column":8},"end":{"line":246,"column":9}},"80":{"start":{"line":240,"column":10},"end":{"line":245,"column":11}},"81":{"start":{"line":241,"column":26},"end":{"line":241,"column":74}},"82":{"start":{"line":242,"column":12},"end":{"line":244,"column":13}},"83":{"start":{"line":243,"column":14},"end":{"line":243,"column":34}},"84":{"start":{"line":249,"column":26},"end":{"line":249,"column":60}},"85":{"start":{"line":250,"column":29},"end":{"line":252,"column":19}},"86":{"start":{"line":254,"column":6},"end":{"line":257,"column":8}},"87":{"start":{"line":259,"column":6},"end":{"line":261,"column":8}},"88":{"start":{"line":271,"column":25},"end":{"line":271,"column":48}},"89":{"start":{"line":274,"column":4},"end":{"line":276,"column":5}},"90":{"start":{"line":275,"column":6},"end":{"line":275,"column":37}},"91":{"start":{"line":278,"column":4},"end":{"line":278,"column":24}},"92":{"start":{"line":37,"column":0},"end":{"line":37,"column":13}}},"fnMap":{"0":{"name":"(anonymous_0)","decl":{"start":{"line":38,"column":2},"end":{"line":38,"column":null}},"loc":{"start":{"line":41,"column":28},"end":{"line":42,"column":6}}},"1":{"name":"(anonymous_1)","decl":{"start":{"line":48,"column":2},"end":{"line":48,"column":7}},"loc":{"start":{"line":48,"column":18},"end":{"line":116,"column":3}}},"2":{"name":"(anonymous_2)","decl":{"start":{"line":122,"column":10},"end":{"line":122,"column":15}},"loc":{"start":{"line":124,"column":19},"end":{"line":149,"column":3}}},"3":{"name":"(anonymous_3)","decl":{"start":{"line":155,"column":2},"end":{"line":155,"column":7}},"loc":{"start":{"line":155,"column":25},"end":{"line":222,"column":3}}},"4":{"name":"(anonymous_4)","decl":{"start":{"line":203,"column":39},"end":{"line":203,"column":40}},"loc":{"start":{"line":203,"column":49},"end":{"line":203,"column":61}}},"5":{"name":"(anonymous_5)","decl":{"start":{"line":227,"column":2},"end":{"line":227,"column":7}},"loc":{"start":{"line":227,"column":23},"end":{"line":263,"column":3}}},"6":{"name":"(anonymous_6)","decl":{"start":{"line":269,"column":2},"end":{"line":269,"column":7}},"loc":{"start":{"line":269,"column":21},"end":{"line":279,"column":3}}}},"branchMap":{"0":{"loc":{"start":{"line":68,"column":10},"end":{"line":93,"column":11}},"type":"if","locations":[{"start":{"line":68,"column":10},"end":{"line":93,"column":11}},{"start":{"line":91,"column":17},"end":{"line":93,"column":11}}]},"1":{"loc":{"start":{"line":71,"column":12},"end":{"line":74,"column":13}},"type":"if","locations":[{"start":{"line":71,"column":12},"end":{"line":74,"column":13}},{"start":{},"end":{}}]},"2":{"loc":{"start":{"line":84,"column":26},"end":{"line":84,"column":45}},"type":"binary-expr","locations":[{"start":{"line":84,"column":26},"end":{"line":84,"column":39}},{"start":{"line":84,"column":43},"end":{"line":84,"column":45}}]},"3":{"loc":{"start":{"line":96,"column":12},"end":{"line":96,"column":68}},"type":"cond-expr","locations":[{"start":{"line":96,"column":37},"end":{"line":96,"column":50}},{"start":{"line":96,"column":53},"end":{"line":96,"column":68}}]},"4":{"loc":{"start":{"line":101,"column":23},"end":{"line":101,"column":79}},"type":"cond-expr","locations":[{"start":{"line":101,"column":48},"end":{"line":101,"column":61}},{"start":{"line":101,"column":64},"end":{"line":101,"column":79}}]},"5":{"loc":{"start":{"line":136,"column":6},"end":{"line":138,"column":7}},"type":"if","locations":[{"start":{"line":136,"column":6},"end":{"line":138,"column":7}},{"start":{},"end":{}}]},"6":{"loc":{"start":{"line":136,"column":10},"end":{"line":136,"column":43}},"type":"binary-expr","locations":[{"start":{"line":136,"column":10},"end":{"line":136,"column":16}},{"start":{"line":136,"column":20},"end":{"line":136,"column":43}}]},"7":{"loc":{"start":{"line":143,"column":6},"end":{"line":145,"column":7}},"type":"if","locations":[{"start":{"line":143,"column":6},"end":{"line":145,"column":7}},{"start":{},"end":{}}]},"8":{"loc":{"start":{"line":143,"column":10},"end":{"line":143,"column":65}},"type":"binary-expr","locations":[{"start":{"line":143,"column":10},"end":{"line":143,"column":35}},{"start":{"line":143,"column":39},"end":{"line":143,"column":65}}]},"9":{"loc":{"start":{"line":168,"column":6},"end":{"line":170,"column":7}},"type":"if","locations":[{"start":{"line":168,"column":6},"end":{"line":170,"column":7}},{"start":{},"end":{}}]},"10":{"loc":{"start":{"line":168,"column":10},"end":{"line":168,"column":66}},"type":"binary-expr","locations":[{"start":{"line":168,"column":10},"end":{"line":168,"column":30}},{"start":{"line":168,"column":34},"end":{"line":168,"column":66}}]},"11":{"loc":{"start":{"line":175,"column":8},"end":{"line":175,"column":31}},"type":"if","locations":[{"start":{"line":175,"column":8},"end":{"line":175,"column":31}},{"start":{},"end":{}}]},"12":{"loc":{"start":{"line":179,"column":8},"end":{"line":185,"column":9}},"type":"if","locations":[{"start":{"line":179,"column":8},"end":{"line":185,"column":9}},{"start":{},"end":{}}]},"13":{"loc":{"start":{"line":181,"column":10},"end":{"line":183,"column":11}},"type":"if","locations":[{"start":{"line":181,"column":10},"end":{"line":183,"column":11}},{"start":{},"end":{}}]},"14":{"loc":{"start":{"line":194,"column":8},"end":{"line":214,"column":9}},"type":"if","locations":[{"start":{"line":194,"column":8},"end":{"line":214,"column":9}},{"start":{},"end":{}}]},"15":{"loc":{"start":{"line":211,"column":14},"end":{"line":211,"column":70}},"type":"cond-expr","locations":[{"start":{"line":211,"column":39},"end":{"line":211,"column":52}},{"start":{"line":211,"column":55},"end":{"line":211,"column":70}}]},"16":{"loc":{"start":{"line":217,"column":23},"end":{"line":217,"column":79}},"type":"cond-expr","locations":[{"start":{"line":217,"column":48},"end":{"line":217,"column":61}},{"start":{"line":217,"column":64},"end":{"line":217,"column":79}}]},"17":{"loc":{"start":{"line":238,"column":6},"end":{"line":247,"column":7}},"type":"if","locations":[{"start":{"line":238,"column":6},"end":{"line":247,"column":7}},{"start":{},"end":{}}]},"18":{"loc":{"start":{"line":240,"column":10},"end":{"line":245,"column":11}},"type":"if","locations":[{"start":{"line":240,"column":10},"end":{"line":245,"column":11}},{"start":{},"end":{}}]},"19":{"loc":{"start":{"line":242,"column":12},"end":{"line":244,"column":13}},"type":"if","locations":[{"start":{"line":242,"column":12},"end":{"line":244,"column":13}},{"start":{},"end":{}}]},"20":{"loc":{"start":{"line":250,"column":29},"end":{"line":252,"column":19}},"type":"cond-expr","locations":[{"start":{"line":251,"column":10},"end":{"line":251,"column":34}},{"start":{"line":252,"column":10},"end":{"line":252,"column":19}}]},"21":{"loc":{"start":{"line":274,"column":4},"end":{"line":276,"column":5}},"type":"if","locations":[{"start":{"line":274,"column":4},"end":{"line":276,"column":5}},{"start":{},"end":{}}]}},"s":{"0":1,"1":1,"2":23,"3":23,"4":23,"5":15,"6":15,"7":15,"8":15,"9":15,"10":15,"11":15,"12":15,"13":13,"14":18,"15":18,"16":18,"17":18,"18":18,"19":16,"20":16,"21":1,"22":1,"23":15,"24":14,"25":14,"26":2,"27":1,"28":1,"29":2,"30":2,"31":15,"32":15,"33":18,"34":18,"35":3,"36":3,"37":2,"38":1,"39":15,"40":15,"41":0,"42":5,"43":5,"44":5,"45":5,"46":4,"47":1,"48":3,"49":3,"50":6,"51":0,"52":6,"53":6,"54":6,"55":6,"56":6,"57":6,"58":3,"59":3,"60":3,"61":3,"62":6,"63":2,"64":2,"65":2,"66":2,"67":2,"68":2,"69":2,"70":0,"71":0,"72":1,"73":1,"74":4,"75":2,"76":2,"77":1,"78":1,"79":1,"80":1,"81":1,"82":1,"83":1,"84":1,"85":1,"86":1,"87":1,"88":2,"89":2,"90":1,"91":2,"92":1},"f":{"0":23,"1":15,"2":18,"3":5,"4":2,"5":2,"6":2},"b":{"0":[16,2],"1":[1,15],"2":[15,0],"3":[1,0],"4":[2,0],"5":[2,1],"6":[3,3],"7":[15,0],"8":[15,0],"9":[1,3],"10":[4,4],"11":[0,6],"12":[6,0],"13":[6,0],"14":[2,4],"15":[0,0],"16":[1,0],"17":[1,0],"18":[1,0],"19":[1,0],"20":[1,0],"21":[1,1]}}
,"/Users/nickdancer/Code/Second Brain/second-brain/src/bootstrap.ts": {"path":"/Users/nickdancer/Code/Second Brain/second-brain/src/bootstrap.ts","statementMap":{"0":{"start":{"line":13,"column":0},"end":{"line":13,"column":7}},"1":{"start":{"line":23,"column":0},"end":{"line":23,"column":7}},"2":{"start":{"line":14,"column":17},"end":{"line":14,"column":53}},"3":{"start":{"line":15,"column":2},"end":{"line":15,"column":25}},"4":{"start":{"line":24,"column":16},"end":{"line":45,"column":4}},"5":{"start":{"line":48,"column":2},"end":{"line":55,"column":3}},"6":{"start":{"line":49,"column":21},"end":{"line":49,"column":55}},"7":{"start":{"line":50,"column":4},"end":{"line":54,"column":5}},"8":{"start":{"line":51,"column":6},"end":{"line":53,"column":9}},"9":{"start":{"line":60,"column":20},"end":{"line":87,"column":2}},"10":{"start":{"line":89,"column":24},"end":{"line":102,"column":2}},"11":{"start":{"line":104,"column":21},"end":{"line":118,"column":2}},"12":{"start":{"line":120,"column":25},"end":{"line":134,"column":2}},"13":{"start":{"line":136,"column":24},"end":{"line":146,"column":2}}},"fnMap":{"0":{"name":"shouldBootstrap","decl":{"start":{"line":13,"column":22},"end":{"line":13,"column":37}},"loc":{"start":{"line":13,"column":61},"end":{"line":16,"column":1}}},"1":{"name":"bootstrapSecondBrain","decl":{"start":{"line":23,"column":22},"end":{"line":23,"column":42}},"loc":{"start":{"line":23,"column":66},"end":{"line":56,"column":1}}}},"branchMap":{"0":{"loc":{"start":{"line":50,"column":4},"end":{"line":54,"column":5}},"type":"if","locations":[{"start":{"line":50,"column":4},"end":{"line":54,"column":5}},{"start":{},"end":{}}]}},"s":{"0":1,"1":1,"2":5,"3":4,"4":10,"5":10,"6":46,"7":45,"8":39,"9":1,"10":1,"11":1,"12":1,"13":1},"f":{"0":5,"1":10},"b":{"0":[39,6]}}
,"/Users/nickdancer/Code/Second Brain/second-brain/src/index.ts": {"path":"/Users/nickdancer/Code/Second Brain/second-brain/src/index.ts","statementMap":{"0":{"start":{"line":38,"column":0},"end":{"line":38,"column":16}},"1":{"start":{"line":6,"column":0},"end":{"line":6,"column":28}},"2":{"start":{"line":7,"column":0},"end":{"line":7,"column":33}},"3":{"start":{"line":8,"column":0},"end":{"line":8,"column":47}},"4":{"start":{"line":39,"column":14},"end":{"line":39,"column":24}},"5":{"start":{"line":42,"column":2},"end":{"line":46,"column":6}},"6":{"start":{"line":49,"column":2},"end":{"line":56,"column":5}},"7":{"start":{"line":50,"column":4},"end":{"line":55,"column":7}},"8":{"start":{"line":59,"column":2},"end":{"line":76,"column":5}},"9":{"start":{"line":60,"column":4},"end":{"line":75,"column":5}},"10":{"start":{"line":61,"column":27},"end":{"line":67,"column":null}},"11":{"start":{"line":70,"column":23},"end":{"line":70,"column":72}},"12":{"start":{"line":71,"column":6},"end":{"line":71,"column":22}},"13":{"start":{"line":73,"column":6},"end":{"line":73,"column":57}},"14":{"start":{"line":74,"column":6},"end":{"line":74,"column":69}},"15":{"start":{"line":79,"column":2},"end":{"line":96,"column":5}},"16":{"start":{"line":80,"column":4},"end":{"line":95,"column":5}},"17":{"start":{"line":81,"column":27},"end":{"line":87,"column":null}},"18":{"start":{"line":90,"column":23},"end":{"line":90,"column":72}},"19":{"start":{"line":91,"column":6},"end":{"line":91,"column":22}},"20":{"start":{"line":93,"column":6},"end":{"line":93,"column":52}},"21":{"start":{"line":94,"column":6},"end":{"line":94,"column":69}},"22":{"start":{"line":100,"column":2},"end":{"line":106,"column":5}},"23":{"start":{"line":102,"column":4},"end":{"line":105,"column":12}},"24":{"start":{"line":110,"column":2},"end":{"line":116,"column":5}},"25":{"start":{"line":112,"column":4},"end":{"line":115,"column":12}},"26":{"start":{"line":119,"column":2},"end":{"line":121,"column":5}},"27":{"start":{"line":120,"column":4},"end":{"line":120,"column":47}},"28":{"start":{"line":124,"column":2},"end":{"line":127,"column":5}},"29":{"start":{"line":125,"column":4},"end":{"line":125,"column":43}},"30":{"start":{"line":126,"column":4},"end":{"line":126,"column":59}},"31":{"start":{"line":129,"column":2},"end":{"line":129,"column":13}},"32":{"start":{"line":135,"column":0},"end":{"line":148,"column":2}},"33":{"start":{"line":137,"column":16},"end":{"line":137,"column":30}},"34":{"start":{"line":138,"column":4},"end":{"line":138,"column":35}},"35":{"start":{"line":145,"column":4},"end":{"line":145,"column":51}}},"fnMap":{"0":{"name":"createApp","decl":{"start":{"line":38,"column":16},"end":{"line":38,"column":25}},"loc":{"start":{"line":38,"column":34},"end":{"line":130,"column":1}}},"1":{"name":"(anonymous_1)","decl":{"start":{"line":49,"column":21},"end":{"line":49,"column":22}},"loc":{"start":{"line":49,"column":27},"end":{"line":56,"column":3}}},"2":{"name":"(anonymous_2)","decl":{"start":{"line":59,"column":30},"end":{"line":59,"column":35}},"loc":{"start":{"line":59,"column":42},"end":{"line":76,"column":3}}},"3":{"name":"(anonymous_3)","decl":{"start":{"line":79,"column":29},"end":{"line":79,"column":34}},"loc":{"start":{"line":79,"column":41},"end":{"line":96,"column":3}}},"4":{"name":"(anonymous_4)","decl":{"start":{"line":100,"column":18},"end":{"line":100,"column":23}},"loc":{"start":{"line":100,"column":30},"end":{"line":106,"column":3}}},"5":{"name":"(anonymous_5)","decl":{"start":{"line":110,"column":28},"end":{"line":110,"column":33}},"loc":{"start":{"line":110,"column":40},"end":{"line":116,"column":3}}},"6":{"name":"(anonymous_6)","decl":{"start":{"line":119,"column":15},"end":{"line":119,"column":16}},"loc":{"start":{"line":119,"column":21},"end":{"line":121,"column":3}}},"7":{"name":"(anonymous_7)","decl":{"start":{"line":124,"column":14},"end":{"line":124,"column":15}},"loc":{"start":{"line":124,"column":25},"end":{"line":127,"column":3}}},"8":{"name":"(anonymous_8)","decl":{"start":{"line":136,"column":2},"end":{"line":136,"column":7}},"loc":{"start":{"line":136,"column":40},"end":{"line":139,"column":3}}},"9":{"name":"(anonymous_9)","decl":{"start":{"line":144,"column":2},"end":{"line":144,"column":7}},"loc":{"start":{"line":144,"column":49},"end":{"line":147,"column":3}}}},"branchMap":{},"s":{"0":1,"1":1,"2":1,"3":1,"4":14,"5":14,"6":14,"7":3,"8":14,"9":1,"10":1,"11":1,"12":0,"13":1,"14":1,"15":14,"16":2,"17":2,"18":2,"19":2,"20":0,"21":0,"22":14,"23":1,"24":14,"25":1,"26":14,"27":4,"28":14,"29":0,"30":0,"31":14,"32":1,"33":0,"34":0,"35":0},"f":{"0":14,"1":3,"2":1,"3":2,"4":1,"5":1,"6":4,"7":0,"8":0,"9":0},"b":{}}
,"/Users/nickdancer/Code/Second Brain/second-brain/src/mcp-server.ts": {"path":"/Users/nickdancer/Code/Second Brain/second-brain/src/mcp-server.ts","statementMap":{"0":{"start":{"line":70,"column":0},"end":{"line":70,"column":16}},"1":{"start":{"line":83,"column":0},"end":{"line":83,"column":16}},"2":{"start":{"line":215,"column":0},"end":{"line":215,"column":16}},"3":{"start":{"line":5,"column":27},"end":{"line":36,"column":71}},"4":{"start":{"line":71,"column":2},"end":{"line":77,"column":4}},"5":{"start":{"line":85,"column":2},"end":{"line":109,"column":5}},"6":{"start":{"line":112,"column":2},"end":{"line":129,"column":5}},"7":{"start":{"line":132,"column":2},"end":{"line":161,"column":5}},"8":{"start":{"line":164,"column":2},"end":{"line":181,"column":5}},"9":{"start":{"line":184,"column":2},"end":{"line":209,"column":5}},"10":{"start":{"line":217,"column":2},"end":{"line":255,"column":5}},"11":{"start":{"line":238,"column":22},"end":{"line":238,"column":40}},"12":{"start":{"line":239,"column":22},"end":{"line":239,"column":40}},"13":{"start":{"line":240,"column":19},"end":{"line":240,"column":34}},"14":{"start":{"line":242,"column":6},"end":{"line":253,"column":31}},"15":{"start":{"line":258,"column":2},"end":{"line":283,"column":5}},"16":{"start":{"line":269,"column":25},"end":{"line":269,"column":47}},"17":{"start":{"line":271,"column":6},"end":{"line":281,"column":45}},"18":{"start":{"line":286,"column":2},"end":{"line":314,"column":5}},"19":{"start":{"line":302,"column":20},"end":{"line":302,"column":36}},"20":{"start":{"line":303,"column":29},"end":{"line":303,"column":83}},"21":{"start":{"line":305,"column":6},"end":{"line":312,"column":38}}},"fnMap":{"0":{"name":"createMCPServer","decl":{"start":{"line":70,"column":16},"end":{"line":70,"column":31}},"loc":{"start":{"line":70,"column":31},"end":{"line":78,"column":1}}},"1":{"name":"registerTools","decl":{"start":{"line":83,"column":16},"end":{"line":83,"column":29}},"loc":{"start":{"line":83,"column":47},"end":{"line":210,"column":1}}},"2":{"name":"registerPrompts","decl":{"start":{"line":215,"column":16},"end":{"line":215,"column":31}},"loc":{"start":{"line":215,"column":49},"end":{"line":315,"column":1}}},"3":{"name":"(anonymous_3)","decl":{"start":{"line":237,"column":16},"end":{"line":237,"column":17}},"loc":{"start":{"line":237,"column":49},"end":{"line":254,"column":5}}},"4":{"name":"(anonymous_4)","decl":{"start":{"line":268,"column":16},"end":{"line":268,"column":17}},"loc":{"start":{"line":268,"column":49},"end":{"line":282,"column":5}}},"5":{"name":"(anonymous_5)","decl":{"start":{"line":301,"column":16},"end":{"line":301,"column":17}},"loc":{"start":{"line":301,"column":49},"end":{"line":313,"column":5}}}},"branchMap":{"0":{"loc":{"start":{"line":238,"column":22},"end":{"line":238,"column":40}},"type":"binary-expr","locations":[{"start":{"line":238,"column":22},"end":{"line":238,"column":34}},{"start":{"line":238,"column":38},"end":{"line":238,"column":40}}]},"1":{"loc":{"start":{"line":239,"column":22},"end":{"line":239,"column":40}},"type":"binary-expr","locations":[{"start":{"line":239,"column":22},"end":{"line":239,"column":34}},{"start":{"line":239,"column":38},"end":{"line":239,"column":40}}]},"2":{"loc":{"start":{"line":240,"column":19},"end":{"line":240,"column":34}},"type":"binary-expr","locations":[{"start":{"line":240,"column":19},"end":{"line":240,"column":28}},{"start":{"line":240,"column":32},"end":{"line":240,"column":34}}]},"3":{"loc":{"start":{"line":269,"column":25},"end":{"line":269,"column":47}},"type":"binary-expr","locations":[{"start":{"line":269,"column":25},"end":{"line":269,"column":41}},{"start":{"line":269,"column":45},"end":{"line":269,"column":47}}]},"4":{"loc":{"start":{"line":302,"column":20},"end":{"line":302,"column":36}},"type":"binary-expr","locations":[{"start":{"line":302,"column":20},"end":{"line":302,"column":30}},{"start":{"line":302,"column":34},"end":{"line":302,"column":36}}]},"5":{"loc":{"start":{"line":303,"column":29},"end":{"line":303,"column":83}},"type":"binary-expr","locations":[{"start":{"line":303,"column":29},"end":{"line":303,"column":49}},{"start":{"line":303,"column":53},"end":{"line":303,"column":83}}]}},"s":{"0":1,"1":1,"2":1,"3":1,"4":22,"5":7,"6":7,"7":7,"8":7,"9":7,"10":9,"11":2,"12":2,"13":2,"14":2,"15":9,"16":1,"17":1,"18":9,"19":1,"20":1,"21":1},"f":{"0":22,"1":7,"2":9,"3":2,"4":1,"5":1},"b":{"0":[2,1],"1":[2,1],"2":[2,1],"3":[1,0],"4":[1,0],"5":[1,0]}}
,"/Users/nickdancer/Code/Second Brain/second-brain/src/monitoring.ts": {"path":"/Users/nickdancer/Code/Second Brain/second-brain/src/monitoring.ts","statementMap":{"0":{"start":{"line":16,"column":22},"end":{"line":16,"column":55}},"1":{"start":{"line":31,"column":4},"end":{"line":42,"column":5}},"2":{"start":{"line":32,"column":31},"end":{"line":32,"column":65}},"3":{"start":{"line":34,"column":6},"end":{"line":38,"column":9}},"4":{"start":{"line":41,"column":6},"end":{"line":41,"column":58}},"5":{"start":{"line":56,"column":4},"end":{"line":67,"column":5}},"6":{"start":{"line":57,"column":31},"end":{"line":57,"column":65}},"7":{"start":{"line":58,"column":31},"end":{"line":58,"column":68}},"8":{"start":{"line":60,"column":6},"end":{"line":64,"column":9}},"9":{"start":{"line":66,"column":6},"end":{"line":66,"column":54}},"10":{"start":{"line":81,"column":4},"end":{"line":91,"column":5}},"11":{"start":{"line":82,"column":31},"end":{"line":82,"column":65}},"12":{"start":{"line":84,"column":6},"end":{"line":88,"column":9}},"13":{"start":{"line":90,"column":6},"end":{"line":90,"column":64}},"14":{"start":{"line":105,"column":4},"end":{"line":115,"column":5}},"15":{"start":{"line":106,"column":31},"end":{"line":106,"column":65}},"16":{"start":{"line":108,"column":6},"end":{"line":112,"column":9}},"17":{"start":{"line":114,"column":6},"end":{"line":114,"column":63}},"18":{"start":{"line":127,"column":4},"end":{"line":136,"column":5}},"19":{"start":{"line":128,"column":31},"end":{"line":128,"column":65}},"20":{"start":{"line":130,"column":6},"end":{"line":133,"column":9}},"21":{"start":{"line":135,"column":6},"end":{"line":135,"column":60}},"22":{"start":{"line":150,"column":4},"end":{"line":157,"column":5}},"23":{"start":{"line":151,"column":6},"end":{"line":154,"column":9}},"24":{"start":{"line":156,"column":6},"end":{"line":156,"column":61}},"25":{"start":{"line":168,"column":4},"end":{"line":170,"column":5}},"26":{"start":{"line":169,"column":6},"end":{"line":169,"column":25}},"27":{"start":{"line":173,"column":20},"end":{"line":173,"column":37}},"28":{"start":{"line":174,"column":17},"end":{"line":174,"column":39}},"29":{"start":{"line":175,"column":23},"end":{"line":175,"column":66}},"30":{"start":{"line":176,"column":22},"end":{"line":176,"column":60}},"31":{"start":{"line":177,"column":20},"end":{"line":177,"column":82}},"32":{"start":{"line":177,"column":41},"end":{"line":177,"column":72}},"33":{"start":{"line":178,"column":4},"end":{"line":178,"column":36}},"34":{"start":{"line":188,"column":20},"end":{"line":188,"column":27}},"35":{"start":{"line":191,"column":4},"end":{"line":193,"column":5}},"36":{"start":{"line":192,"column":6},"end":{"line":192,"column":71}},"37":{"start":{"line":196,"column":4},"end":{"line":198,"column":5}},"38":{"start":{"line":197,"column":6},"end":{"line":197,"column":54}},"39":{"start":{"line":200,"column":4},"end":{"line":200,"column":21}},"40":{"start":{"line":15,"column":0},"end":{"line":15,"column":13}}},"fnMap":{"0":{"name":"(anonymous_0)","decl":{"start":{"line":16,"column":2},"end":{"line":16,"column":22}},"loc":{"start":{"line":16,"column":55},"end":{"line":16,"column":59}}},"1":{"name":"(anonymous_1)","decl":{"start":{"line":25,"column":2},"end":{"line":25,"column":7}},"loc":{"start":{"line":29,"column":20},"end":{"line":43,"column":3}}},"2":{"name":"(anonymous_2)","decl":{"start":{"line":51,"column":2},"end":{"line":51,"column":7}},"loc":{"start":{"line":54,"column":19},"end":{"line":68,"column":3}}},"3":{"name":"(anonymous_3)","decl":{"start":{"line":76,"column":2},"end":{"line":76,"column":7}},"loc":{"start":{"line":79,"column":21},"end":{"line":92,"column":3}}},"4":{"name":"(anonymous_4)","decl":{"start":{"line":100,"column":2},"end":{"line":100,"column":7}},"loc":{"start":{"line":103,"column":17},"end":{"line":116,"column":3}}},"5":{"name":"(anonymous_5)","decl":{"start":{"line":123,"column":2},"end":{"line":123,"column":7}},"loc":{"start":{"line":125,"column":33},"end":{"line":137,"column":3}}},"6":{"name":"(anonymous_6)","decl":{"start":{"line":145,"column":2},"end":{"line":145,"column":7}},"loc":{"start":{"line":148,"column":22},"end":{"line":158,"column":3}}},"7":{"name":"(anonymous_7)","decl":{"start":{"line":167,"column":10},"end":{"line":167,"column":15}},"loc":{"start":{"line":167,"column":58},"end":{"line":179,"column":3}}},"8":{"name":"(anonymous_8)","decl":{"start":{"line":177,"column":34},"end":{"line":177,"column":35}},"loc":{"start":{"line":177,"column":41},"end":{"line":177,"column":72}}},"9":{"name":"(anonymous_9)","decl":{"start":{"line":187,"column":10},"end":{"line":187,"column":25}},"loc":{"start":{"line":187,"column":69},"end":{"line":201,"column":3}}}},"branchMap":{"0":{"loc":{"start":{"line":35,"column":41},"end":{"line":35,"column":72}},"type":"cond-expr","locations":[{"start":{"line":35,"column":51},"end":{"line":35,"column":60}},{"start":{"line":35,"column":63},"end":{"line":35,"column":72}}]},"1":{"loc":{"start":{"line":168,"column":4},"end":{"line":170,"column":5}},"type":"if","locations":[{"start":{"line":168,"column":4},"end":{"line":170,"column":5}},{"start":{},"end":{}}]},"2":{"loc":{"start":{"line":168,"column":8},"end":{"line":168,"column":39}},"type":"binary-expr","locations":[{"start":{"line":168,"column":8},"end":{"line":168,"column":15}},{"start":{"line":168,"column":19},"end":{"line":168,"column":39}}]},"3":{"loc":{"start":{"line":191,"column":4},"end":{"line":193,"column":5}},"type":"if","locations":[{"start":{"line":191,"column":4},"end":{"line":193,"column":5}},{"start":{},"end":{}}]},"4":{"loc":{"start":{"line":191,"column":8},"end":{"line":191,"column":38}},"type":"binary-expr","locations":[{"start":{"line":191,"column":8},"end":{"line":191,"column":14}},{"start":{"line":191,"column":18},"end":{"line":191,"column":38}}]},"5":{"loc":{"start":{"line":196,"column":4},"end":{"line":198,"column":5}},"type":"if","locations":[{"start":{"line":196,"column":4},"end":{"line":198,"column":5}},{"start":{},"end":{}}]}},"s":{"0":23,"1":12,"2":12,"3":12,"4":1,"5":8,"6":8,"7":8,"8":8,"9":0,"10":5,"11":5,"12":5,"13":0,"14":5,"15":5,"16":5,"17":0,"18":3,"19":3,"20":3,"21":0,"22":4,"23":4,"24":0,"25":33,"26":2,"27":31,"28":31,"29":31,"30":31,"31":31,"32":992,"33":31,"34":8,"35":8,"36":8,"37":8,"38":0,"39":8,"40":1},"f":{"0":23,"1":12,"2":8,"3":5,"4":5,"5":3,"6":4,"7":33,"8":992,"9":8},"b":{"0":[10,2],"1":[2,31],"2":[33,31],"3":[8,0],"4":[8,8],"5":[0,8]}}
,"/Users/nickdancer/Code/Second Brain/second-brain/src/oauth-handler.ts": {"path":"/Users/nickdancer/Code/Second Brain/second-brain/src/oauth-handler.ts","statementMap":{"0":{"start":{"line":20,"column":24},"end":{"line":20,"column":66}},"1":{"start":{"line":21,"column":25},"end":{"line":21,"column":70}},"2":{"start":{"line":22,"column":24},"end":{"line":22,"column":53}},"3":{"start":{"line":23,"column":18},"end":{"line":23,"column":35}},"4":{"start":{"line":27,"column":12},"end":{"line":27,"column":27}},"5":{"start":{"line":28,"column":12},"end":{"line":28,"column":26}},"6":{"start":{"line":29,"column":12},"end":{"line":29,"column":28}},"7":{"start":{"line":30,"column":12},"end":{"line":30,"column":32}},"8":{"start":{"line":31,"column":12},"end":{"line":31,"column":33}},"9":{"start":{"line":32,"column":12},"end":{"line":32,"column":33}},"10":{"start":{"line":39,"column":16},"end":{"line":39,"column":36}},"11":{"start":{"line":40,"column":18},"end":{"line":40,"column":38}},"12":{"start":{"line":43,"column":4},"end":{"line":43,"column":81}},"13":{"start":{"line":45,"column":20},"end":{"line":45,"column":44}},"14":{"start":{"line":46,"column":4},"end":{"line":46,"column":57}},"15":{"start":{"line":47,"column":4},"end":{"line":47,"column":77}},"16":{"start":{"line":48,"column":4},"end":{"line":48,"column":51}},"17":{"start":{"line":49,"column":4},"end":{"line":49,"column":45}},"18":{"start":{"line":51,"column":4},"end":{"line":51,"column":54}},"19":{"start":{"line":58,"column":4},"end":{"line":131,"column":5}},"20":{"start":{"line":59,"column":18},"end":{"line":59,"column":38}},"21":{"start":{"line":60,"column":19},"end":{"line":60,"column":47}},"22":{"start":{"line":61,"column":20},"end":{"line":61,"column":49}},"23":{"start":{"line":63,"column":6},"end":{"line":68,"column":7}},"24":{"start":{"line":64,"column":8},"end":{"line":67,"column":11}},"25":{"start":{"line":74,"column":28},"end":{"line":74,"column":65}},"26":{"start":{"line":77,"column":23},"end":{"line":77,"column":78}},"27":{"start":{"line":79,"column":6},"end":{"line":84,"column":7}},"28":{"start":{"line":80,"column":8},"end":{"line":83,"column":11}},"29":{"start":{"line":87,"column":6},"end":{"line":95,"column":7}},"30":{"start":{"line":88,"column":8},"end":{"line":94,"column":10}},"31":{"start":{"line":98,"column":29},"end":{"line":98,"column":80}},"32":{"start":{"line":99,"column":6},"end":{"line":101,"column":9}},"33":{"start":{"line":104,"column":6},"end":{"line":109,"column":7}},"34":{"start":{"line":105,"column":33},"end":{"line":105,"column":85}},"35":{"start":{"line":106,"column":8},"end":{"line":108,"column":11}},"36":{"start":{"line":111,"column":6},"end":{"line":121,"column":8}},"37":{"start":{"line":123,"column":6},"end":{"line":123,"column":52}},"38":{"start":{"line":124,"column":6},"end":{"line":130,"column":8}},"39":{"start":{"line":138,"column":4},"end":{"line":157,"column":5}},"40":{"start":{"line":140,"column":26},"end":{"line":140,"column":59}},"41":{"start":{"line":141,"column":6},"end":{"line":145,"column":7}},"42":{"start":{"line":143,"column":25},"end":{"line":143,"column":59}},"43":{"start":{"line":144,"column":8},"end":{"line":144,"column":24}},"44":{"start":{"line":148,"column":29},"end":{"line":148,"column":75}},"45":{"start":{"line":149,"column":6},"end":{"line":151,"column":7}},"46":{"start":{"line":150,"column":8},"end":{"line":150,"column":50}},"47":{"start":{"line":153,"column":6},"end":{"line":153,"column":18}},"48":{"start":{"line":155,"column":6},"end":{"line":155,"column":54}},"49":{"start":{"line":156,"column":6},"end":{"line":156,"column":18}},"50":{"start":{"line":164,"column":4},"end":{"line":164,"column":47}},"51":{"start":{"line":171,"column":4},"end":{"line":196,"column":5}},"52":{"start":{"line":173,"column":21},"end":{"line":173,"column":72}},"53":{"start":{"line":174,"column":6},"end":{"line":176,"column":7}},"54":{"start":{"line":175,"column":8},"end":{"line":175,"column":49}},"55":{"start":{"line":180,"column":23},"end":{"line":180,"column":71}},"56":{"start":{"line":183,"column":29},"end":{"line":183,"column":62}},"57":{"start":{"line":184,"column":6},"end":{"line":186,"column":9}},"58":{"start":{"line":188,"column":6},"end":{"line":192,"column":8}},"59":{"start":{"line":194,"column":6},"end":{"line":194,"column":51}},"60":{"start":{"line":195,"column":6},"end":{"line":195,"column":49}},"61":{"start":{"line":205,"column":4},"end":{"line":212,"column":5}},"62":{"start":{"line":206,"column":22},"end":{"line":206,"column":39}},"63":{"start":{"line":207,"column":19},"end":{"line":207,"column":68}},"64":{"start":{"line":208,"column":21},"end":{"line":208,"column":67}},"65":{"start":{"line":209,"column":6},"end":{"line":209,"column":20}},"66":{"start":{"line":211,"column":6},"end":{"line":211,"column":43}},"67":{"start":{"line":219,"column":4},"end":{"line":228,"column":5}},"68":{"start":{"line":220,"column":22},"end":{"line":220,"column":42}},"69":{"start":{"line":221,"column":19},"end":{"line":221,"column":80}},"70":{"start":{"line":221,"column":63},"end":{"line":221,"column":78}},"71":{"start":{"line":222,"column":22},"end":{"line":222,"column":39}},"72":{"start":{"line":223,"column":24},"end":{"line":223,"column":44}},"73":{"start":{"line":224,"column":22},"end":{"line":224,"column":43}},"74":{"start":{"line":225,"column":6},"end":{"line":225,"column":19}},"75":{"start":{"line":227,"column":6},"end":{"line":227,"column":43}},"76":{"start":{"line":236,"column":4},"end":{"line":238,"column":5}},"77":{"start":{"line":237,"column":6},"end":{"line":237,"column":61}},"78":{"start":{"line":241,"column":4},"end":{"line":241,"column":49}},"79":{"start":{"line":249,"column":4},"end":{"line":259,"column":5}},"80":{"start":{"line":250,"column":19},"end":{"line":250,"column":58}},"81":{"start":{"line":251,"column":6},"end":{"line":251,"column":29}},"82":{"start":{"line":251,"column":17},"end":{"line":251,"column":29}},"83":{"start":{"line":253,"column":6},"end":{"line":258,"column":8}},"84":{"start":{"line":262,"column":4},"end":{"line":262,"column":16}},"85":{"start":{"line":273,"column":28},"end":{"line":273,"column":82}},"86":{"start":{"line":274,"column":4},"end":{"line":276,"column":5}},"87":{"start":{"line":275,"column":6},"end":{"line":275,"column":72}},"88":{"start":{"line":277,"column":4},"end":{"line":277,"column":16}},"89":{"start":{"line":285,"column":26},"end":{"line":285,"column":82}},"90":{"start":{"line":286,"column":4},"end":{"line":291,"column":5}},"91":{"start":{"line":287,"column":24},"end":{"line":287,"column":62}},"92":{"start":{"line":288,"column":6},"end":{"line":290,"column":7}},"93":{"start":{"line":289,"column":8},"end":{"line":289,"column":34}},"94":{"start":{"line":292,"column":4},"end":{"line":292,"column":16}},"95":{"start":{"line":299,"column":4},"end":{"line":299,"column":77}},"96":{"start":{"line":25,"column":0},"end":{"line":25,"column":13}}},"fnMap":{"0":{"name":"(anonymous_0)","decl":{"start":{"line":26,"column":2},"end":{"line":26,"column":null}},"loc":{"start":{"line":32,"column":33},"end":{"line":33,"column":6}}},"1":{"name":"(anonymous_1)","decl":{"start":{"line":38,"column":2},"end":{"line":38,"column":7}},"loc":{"start":{"line":38,"column":44},"end":{"line":52,"column":3}}},"2":{"name":"(anonymous_2)","decl":{"start":{"line":57,"column":2},"end":{"line":57,"column":7}},"loc":{"start":{"line":57,"column":44},"end":{"line":132,"column":3}}},"3":{"name":"(anonymous_3)","decl":{"start":{"line":137,"column":2},"end":{"line":137,"column":7}},"loc":{"start":{"line":137,"column":35},"end":{"line":158,"column":3}}},"4":{"name":"(anonymous_4)","decl":{"start":{"line":163,"column":2},"end":{"line":163,"column":7}},"loc":{"start":{"line":163,"column":45},"end":{"line":165,"column":3}}},"5":{"name":"(anonymous_5)","decl":{"start":{"line":170,"column":2},"end":{"line":170,"column":7}},"loc":{"start":{"line":170,"column":41},"end":{"line":197,"column":3}}},"6":{"name":"(anonymous_6)","decl":{"start":{"line":202,"column":2},"end":{"line":202,"column":7}},"loc":{"start":{"line":202,"column":34},"end":{"line":213,"column":3}}},"7":{"name":"(anonymous_7)","decl":{"start":{"line":218,"column":2},"end":{"line":218,"column":7}},"loc":{"start":{"line":218,"column":43},"end":{"line":229,"column":3}}},"8":{"name":"(anonymous_8)","decl":{"start":{"line":221,"column":56},"end":{"line":221,"column":57}},"loc":{"start":{"line":221,"column":63},"end":{"line":221,"column":78}}},"9":{"name":"(anonymous_9)","decl":{"start":{"line":234,"column":10},"end":{"line":234,"column":15}},"loc":{"start":{"line":234,"column":49},"end":{"line":242,"column":3}}},"10":{"name":"(anonymous_10)","decl":{"start":{"line":247,"column":10},"end":{"line":247,"column":15}},"loc":{"start":{"line":247,"column":46},"end":{"line":263,"column":3}}},"11":{"name":"(anonymous_11)","decl":{"start":{"line":268,"column":10},"end":{"line":268,"column":15}},"loc":{"start":{"line":269,"column":17},"end":{"line":278,"column":3}}},"12":{"name":"(anonymous_12)","decl":{"start":{"line":283,"column":10},"end":{"line":283,"column":15}},"loc":{"start":{"line":283,"column":63},"end":{"line":293,"column":3}}},"13":{"name":"(anonymous_13)","decl":{"start":{"line":298,"column":10},"end":{"line":298,"column":23}},"loc":{"start":{"line":298,"column":23},"end":{"line":300,"column":3}}}},"branchMap":{"0":{"loc":{"start":{"line":63,"column":6},"end":{"line":68,"column":7}},"type":"if","locations":[{"start":{"line":63,"column":6},"end":{"line":68,"column":7}},{"start":{},"end":{}}]},"1":{"loc":{"start":{"line":79,"column":6},"end":{"line":84,"column":7}},"type":"if","locations":[{"start":{"line":79,"column":6},"end":{"line":84,"column":7}},{"start":{},"end":{}}]},"2":{"loc":{"start":{"line":87,"column":6},"end":{"line":95,"column":7}},"type":"if","locations":[{"start":{"line":87,"column":6},"end":{"line":95,"column":7}},{"start":{},"end":{}}]},"3":{"loc":{"start":{"line":104,"column":6},"end":{"line":109,"column":7}},"type":"if","locations":[{"start":{"line":104,"column":6},"end":{"line":109,"column":7}},{"start":{},"end":{}}]},"4":{"loc":{"start":{"line":141,"column":6},"end":{"line":145,"column":7}},"type":"if","locations":[{"start":{"line":141,"column":6},"end":{"line":145,"column":7}},{"start":{},"end":{}}]},"5":{"loc":{"start":{"line":149,"column":6},"end":{"line":151,"column":7}},"type":"if","locations":[{"start":{"line":149,"column":6},"end":{"line":151,"column":7}},{"start":{},"end":{}}]},"6":{"loc":{"start":{"line":174,"column":6},"end":{"line":176,"column":7}},"type":"if","locations":[{"start":{"line":174,"column":6},"end":{"line":176,"column":7}},{"start":{},"end":{}}]},"7":{"loc":{"start":{"line":236,"column":4},"end":{"line":238,"column":5}},"type":"if","locations":[{"start":{"line":236,"column":4},"end":{"line":238,"column":5}},{"start":{},"end":{}}]},"8":{"loc":{"start":{"line":236,"column":8},"end":{"line":236,"column":61}},"type":"binary-expr","locations":[{"start":{"line":236,"column":8},"end":{"line":236,"column":22}},{"start":{"line":236,"column":26},"end":{"line":236,"column":61}}]},"9":{"loc":{"start":{"line":249,"column":4},"end":{"line":259,"column":5}},"type":"if","locations":[{"start":{"line":249,"column":4},"end":{"line":259,"column":5}},{"start":{},"end":{}}]},"10":{"loc":{"start":{"line":249,"column":8},"end":{"line":249,"column":52}},"type":"binary-expr","locations":[{"start":{"line":249,"column":8},"end":{"line":249,"column":22}},{"start":{"line":249,"column":26},"end":{"line":249,"column":52}}]},"11":{"loc":{"start":{"line":251,"column":6},"end":{"line":251,"column":29}},"type":"if","locations":[{"start":{"line":251,"column":6},"end":{"line":251,"column":29}},{"start":{},"end":{}}]},"12":{"loc":{"start":{"line":274,"column":4},"end":{"line":276,"column":5}},"type":"if","locations":[{"start":{"line":274,"column":4},"end":{"line":276,"column":5}},{"start":{},"end":{}}]},"13":{"loc":{"start":{"line":286,"column":4},"end":{"line":291,"column":5}},"type":"if","locations":[{"start":{"line":286,"column":4},"end":{"line":291,"column":5}},{"start":{},"end":{}}]},"14":{"loc":{"start":{"line":288,"column":6},"end":{"line":290,"column":7}},"type":"if","locations":[{"start":{"line":288,"column":6},"end":{"line":290,"column":7}},{"start":{},"end":{}}]}},"s":{"0":2,"1":2,"2":2,"3":2,"4":21,"5":21,"6":21,"7":21,"8":21,"9":21,"10":3,"11":3,"12":3,"13":2,"14":2,"15":2,"16":2,"17":2,"18":2,"19":8,"20":8,"21":8,"22":8,"23":8,"24":2,"25":6,"26":2,"27":2,"28":0,"29":2,"30":1,"31":1,"32":1,"33":1,"34":0,"35":0,"36":1,"37":4,"38":4,"39":3,"40":3,"41":3,"42":2,"43":2,"44":1,"45":1,"46":1,"47":0,"48":0,"49":0,"50":4,"51":2,"52":2,"53":2,"54":1,"55":1,"56":1,"57":1,"58":1,"59":1,"60":1,"61":7,"62":7,"63":7,"64":7,"65":7,"66":0,"67":4,"68":4,"69":3,"70":153,"71":3,"72":3,"73":3,"74":3,"75":1,"76":6,"77":4,"78":2,"79":5,"80":5,"81":5,"82":2,"83":3,"84":0,"85":3,"86":3,"87":1,"88":2,"89":2,"90":2,"91":1,"92":1,"93":1,"94":1,"95":3,"96":2},"f":{"0":21,"1":3,"2":8,"3":3,"4":4,"5":2,"6":7,"7":4,"8":153,"9":6,"10":5,"11":3,"12":2,"13":3},"b":{"0":[2,6],"1":[0,2],"2":[1,1],"3":[0,1],"4":[2,1],"5":[1,0],"6":[1,1],"7":[4,2],"8":[6,4],"9":[5,0],"10":[5,5],"11":[2,3],"12":[1,2],"13":[1,1],"14":[1,0]}}
,"/Users/nickdancer/Code/Second Brain/second-brain/src/rate-limiting.ts": {"path":"/Users/nickdancer/Code/Second Brain/second-brain/src/rate-limiting.ts","statementMap":{"0":{"start":{"line":27,"column":48},"end":{"line":31,"column":2}},"1":{"start":{"line":33,"column":51},"end":{"line":37,"column":2}},"2":{"start":{"line":40,"column":22},"end":{"line":40,"column":37}},"3":{"start":{"line":47,"column":4},"end":{"line":47,"column":40}},"4":{"start":{"line":49,"column":18},"end":{"line":49,"column":37}},"5":{"start":{"line":50,"column":16},"end":{"line":50,"column":43}},"6":{"start":{"line":53,"column":23},"end":{"line":53,"column":45}},"7":{"start":{"line":54,"column":20},"end":{"line":54,"column":61}},"8":{"start":{"line":57,"column":4},"end":{"line":65,"column":5}},"9":{"start":{"line":58,"column":25},"end":{"line":58,"column":60}},"10":{"start":{"line":59,"column":6},"end":{"line":64,"column":8}},"11":{"start":{"line":68,"column":4},"end":{"line":68,"column":50}},"12":{"start":{"line":70,"column":4},"end":{"line":74,"column":6}},"13":{"start":{"line":81,"column":4},"end":{"line":81,"column":40}},"14":{"start":{"line":83,"column":16},"end":{"line":83,"column":43}},"15":{"start":{"line":84,"column":16},"end":{"line":84,"column":38}},"16":{"start":{"line":87,"column":23},"end":{"line":87,"column":45}},"17":{"start":{"line":88,"column":20},"end":{"line":88,"column":61}},"18":{"start":{"line":91,"column":4},"end":{"line":91,"column":77}},"19":{"start":{"line":98,"column":4},"end":{"line":100,"column":5}},"20":{"start":{"line":99,"column":6},"end":{"line":99,"column":41}},"21":{"start":{"line":102,"column":36},"end":{"line":106,"column":6}},"22":{"start":{"line":108,"column":4},"end":{"line":108,"column":18}},"23":{"start":{"line":115,"column":16},"end":{"line":115,"column":43}},"24":{"start":{"line":116,"column":18},"end":{"line":116,"column":37}},"25":{"start":{"line":118,"column":23},"end":{"line":118,"column":45}},"26":{"start":{"line":119,"column":17},"end":{"line":119,"column":58}},"27":{"start":{"line":121,"column":4},"end":{"line":125,"column":6}},"28":{"start":{"line":134,"column":4},"end":{"line":140,"column":5}},"29":{"start":{"line":135,"column":6},"end":{"line":135,"column":16}},"30":{"start":{"line":136,"column":11},"end":{"line":140,"column":5}},"31":{"start":{"line":137,"column":6},"end":{"line":137,"column":18}},"32":{"start":{"line":139,"column":6},"end":{"line":139,"column":19}},"33":{"start":{"line":147,"column":4},"end":{"line":147,"column":43}},"34":{"start":{"line":154,"column":4},"end":{"line":156,"column":5}},"35":{"start":{"line":155,"column":6},"end":{"line":155,"column":41}},"36":{"start":{"line":158,"column":4},"end":{"line":160,"column":5}},"37":{"start":{"line":159,"column":6},"end":{"line":159,"column":56}},"38":{"start":{"line":39,"column":0},"end":{"line":39,"column":13}}},"fnMap":{"0":{"name":"(anonymous_0)","decl":{"start":{"line":40,"column":2},"end":{"line":40,"column":22}},"loc":{"start":{"line":40,"column":37},"end":{"line":40,"column":41}}},"1":{"name":"(anonymous_1)","decl":{"start":{"line":46,"column":2},"end":{"line":46,"column":7}},"loc":{"start":{"line":46,"column":57},"end":{"line":75,"column":3}}},"2":{"name":"(anonymous_2)","decl":{"start":{"line":80,"column":2},"end":{"line":80,"column":7}},"loc":{"start":{"line":80,"column":61},"end":{"line":92,"column":3}}},"3":{"name":"(anonymous_3)","decl":{"start":{"line":97,"column":2},"end":{"line":97,"column":7}},"loc":{"start":{"line":97,"column":41},"end":{"line":109,"column":3}}},"4":{"name":"(anonymous_4)","decl":{"start":{"line":114,"column":10},"end":{"line":114,"column":15}},"loc":{"start":{"line":114,"column":66},"end":{"line":126,"column":3}}},"5":{"name":"(anonymous_5)","decl":{"start":{"line":131,"column":10},"end":{"line":131,"column":15}},"loc":{"start":{"line":131,"column":47},"end":{"line":141,"column":3}}},"6":{"name":"(anonymous_6)","decl":{"start":{"line":146,"column":10},"end":{"line":146,"column":16}},"loc":{"start":{"line":146,"column":51},"end":{"line":148,"column":3}}},"7":{"name":"(anonymous_7)","decl":{"start":{"line":153,"column":10},"end":{"line":153,"column":24}},"loc":{"start":{"line":153,"column":59},"end":{"line":161,"column":3}}}},"branchMap":{"0":{"loc":{"start":{"line":54,"column":20},"end":{"line":54,"column":61}},"type":"cond-expr","locations":[{"start":{"line":54,"column":33},"end":{"line":54,"column":57}},{"start":{"line":54,"column":60},"end":{"line":54,"column":61}}]},"1":{"loc":{"start":{"line":57,"column":4},"end":{"line":65,"column":5}},"type":"if","locations":[{"start":{"line":57,"column":4},"end":{"line":65,"column":5}},{"start":{},"end":{}}]},"2":{"loc":{"start":{"line":88,"column":20},"end":{"line":88,"column":61}},"type":"cond-expr","locations":[{"start":{"line":88,"column":33},"end":{"line":88,"column":57}},{"start":{"line":88,"column":60},"end":{"line":88,"column":61}}]},"3":{"loc":{"start":{"line":98,"column":4},"end":{"line":100,"column":5}},"type":"if","locations":[{"start":{"line":98,"column":4},"end":{"line":100,"column":5}},{"start":{},"end":{}}]},"4":{"loc":{"start":{"line":98,"column":8},"end":{"line":98,"column":45}},"type":"binary-expr","locations":[{"start":{"line":98,"column":8},"end":{"line":98,"column":15}},{"start":{"line":98,"column":19},"end":{"line":98,"column":45}}]},"5":{"loc":{"start":{"line":119,"column":17},"end":{"line":119,"column":58}},"type":"cond-expr","locations":[{"start":{"line":119,"column":30},"end":{"line":119,"column":54}},{"start":{"line":119,"column":57},"end":{"line":119,"column":58}}]},"6":{"loc":{"start":{"line":134,"column":4},"end":{"line":140,"column":5}},"type":"if","locations":[{"start":{"line":134,"column":4},"end":{"line":140,"column":5}},{"start":{"line":136,"column":11},"end":{"line":140,"column":5}}]},"7":{"loc":{"start":{"line":136,"column":11},"end":{"line":140,"column":5}},"type":"if","locations":[{"start":{"line":136,"column":11},"end":{"line":140,"column":5}},{"start":{"line":138,"column":11},"end":{"line":140,"column":5}}]},"8":{"loc":{"start":{"line":154,"column":4},"end":{"line":156,"column":5}},"type":"if","locations":[{"start":{"line":154,"column":4},"end":{"line":156,"column":5}},{"start":{},"end":{}}]},"9":{"loc":{"start":{"line":154,"column":8},"end":{"line":154,"column":45}},"type":"binary-expr","locations":[{"start":{"line":154,"column":8},"end":{"line":154,"column":15}},{"start":{"line":154,"column":19},"end":{"line":154,"column":45}}]},"10":{"loc":{"start":{"line":158,"column":4},"end":{"line":160,"column":5}},"type":"if","locations":[{"start":{"line":158,"column":4},"end":{"line":160,"column":5}},{"start":{},"end":{}}]}},"s":{"0":1,"1":1,"2":15,"3":1373,"4":1371,"5":1371,"6":1371,"7":1371,"8":1371,"9":4,"10":4,"11":1367,"12":1367,"13":1370,"14":1370,"15":1370,"16":1370,"17":1370,"18":1370,"19":3,"20":0,"21":3,"22":3,"23":9,"24":9,"25":9,"26":9,"27":9,"28":4,"29":2,"30":2,"31":1,"32":1,"33":2750,"34":2743,"35":1,"36":2742,"37":1,"38":1},"f":{"0":15,"1":1373,"2":1370,"3":3,"4":9,"5":4,"6":2750,"7":2743},"b":{"0":[1348,23],"1":[4,1367],"2":[1345,25],"3":[0,3],"4":[3,3],"5":[4,5],"6":[2,2],"7":[1,1],"8":[1,2742],"9":[2743,2742],"10":[1,2741]}}
,"/Users/nickdancer/Code/Second Brain/second-brain/src/storage.ts": {"path":"/Users/nickdancer/Code/Second Brain/second-brain/src/storage.ts","statementMap":{"0":{"start":{"line":28,"column":26},"end":{"line":28,"column":49}},"1":{"start":{"line":29,"column":18},"end":{"line":29,"column":23}},"2":{"start":{"line":30,"column":22},"end":{"line":30,"column":38}},"3":{"start":{"line":31,"column":20},"end":{"line":31,"column":21}},"4":{"start":{"line":32,"column":23},"end":{"line":32,"column":26}},"5":{"start":{"line":35,"column":22},"end":{"line":35,"column":38}},"6":{"start":{"line":43,"column":4},"end":{"line":43,"column":28}},"7":{"start":{"line":45,"column":4},"end":{"line":60,"column":5}},"8":{"start":{"line":45,"column":23},"end":{"line":45,"column":24}},"9":{"start":{"line":46,"column":6},"end":{"line":59,"column":7}},"10":{"start":{"line":47,"column":23},"end":{"line":47,"column":50}},"11":{"start":{"line":49,"column":8},"end":{"line":51,"column":9}},"12":{"start":{"line":50,"column":10},"end":{"line":50,"column":22}},"13":{"start":{"line":53,"column":8},"end":{"line":53,"column":35}},"14":{"start":{"line":55,"column":8},"end":{"line":57,"column":9}},"15":{"start":{"line":56,"column":10},"end":{"line":56,"column":22}},"16":{"start":{"line":58,"column":8},"end":{"line":58,"column":64}},"17":{"start":{"line":62,"column":4},"end":{"line":62,"column":16}},"18":{"start":{"line":70,"column":4},"end":{"line":70,"column":28}},"19":{"start":{"line":72,"column":17},"end":{"line":72,"column":57}},"20":{"start":{"line":73,"column":4},"end":{"line":77,"column":5}},"21":{"start":{"line":74,"column":6},"end":{"line":76,"column":8}},"22":{"start":{"line":79,"column":51},"end":{"line":79,"column":53}},"23":{"start":{"line":80,"column":4},"end":{"line":86,"column":5}},"24":{"start":{"line":81,"column":6},"end":{"line":85,"column":7}},"25":{"start":{"line":82,"column":8},"end":{"line":84,"column":9}},"26":{"start":{"line":83,"column":10},"end":{"line":83,"column":38}},"27":{"start":{"line":87,"column":4},"end":{"line":87,"column":42}},"28":{"start":{"line":88,"column":4},"end":{"line":88,"column":55}},"29":{"start":{"line":90,"column":4},"end":{"line":100,"column":5}},"30":{"start":{"line":90,"column":23},"end":{"line":90,"column":24}},"31":{"start":{"line":91,"column":6},"end":{"line":99,"column":7}},"32":{"start":{"line":92,"column":8},"end":{"line":92,"column":65}},"33":{"start":{"line":93,"column":8},"end":{"line":93,"column":15}},"34":{"start":{"line":95,"column":8},"end":{"line":97,"column":9}},"35":{"start":{"line":96,"column":10},"end":{"line":96,"column":22}},"36":{"start":{"line":98,"column":8},"end":{"line":98,"column":64}},"37":{"start":{"line":107,"column":4},"end":{"line":107,"column":28}},"38":{"start":{"line":109,"column":4},"end":{"line":119,"column":5}},"39":{"start":{"line":109,"column":23},"end":{"line":109,"column":24}},"40":{"start":{"line":110,"column":6},"end":{"line":118,"column":7}},"41":{"start":{"line":111,"column":8},"end":{"line":111,"column":39}},"42":{"start":{"line":112,"column":8},"end":{"line":112,"column":15}},"43":{"start":{"line":114,"column":8},"end":{"line":116,"column":9}},"44":{"start":{"line":115,"column":10},"end":{"line":115,"column":22}},"45":{"start":{"line":117,"column":8},"end":{"line":117,"column":64}},"46":{"start":{"line":126,"column":4},"end":{"line":128,"column":5}},"47":{"start":{"line":127,"column":6},"end":{"line":127,"column":32}},"48":{"start":{"line":130,"column":4},"end":{"line":146,"column":5}},"49":{"start":{"line":130,"column":23},"end":{"line":130,"column":24}},"50":{"start":{"line":131,"column":6},"end":{"line":145,"column":7}},"51":{"start":{"line":132,"column":23},"end":{"line":132,"column":68}},"52":{"start":{"line":134,"column":8},"end":{"line":139,"column":12}},"53":{"start":{"line":134,"column":44},"end":{"line":139,"column":10}},"54":{"start":{"line":141,"column":8},"end":{"line":143,"column":9}},"55":{"start":{"line":142,"column":10},"end":{"line":142,"column":22}},"56":{"start":{"line":144,"column":8},"end":{"line":144,"column":64}},"57":{"start":{"line":148,"column":4},"end":{"line":148,"column":14}},"58":{"start":{"line":155,"column":20},"end":{"line":155,"column":44}},"59":{"start":{"line":157,"column":23},"end":{"line":157,"column":37}},"60":{"start":{"line":158,"column":23},"end":{"line":158,"column":70}},"61":{"start":{"line":158,"column":52},"end":{"line":158,"column":66}},"62":{"start":{"line":160,"column":4},"end":{"line":167,"column":6}},"63":{"start":{"line":176,"column":4},"end":{"line":178,"column":5}},"64":{"start":{"line":177,"column":6},"end":{"line":177,"column":66}},"65":{"start":{"line":181,"column":4},"end":{"line":183,"column":5}},"66":{"start":{"line":182,"column":6},"end":{"line":182,"column":79}},"67":{"start":{"line":186,"column":4},"end":{"line":188,"column":5}},"68":{"start":{"line":187,"column":6},"end":{"line":187,"column":62}},"69":{"start":{"line":191,"column":4},"end":{"line":193,"column":5}},"70":{"start":{"line":192,"column":6},"end":{"line":192,"column":70}},"71":{"start":{"line":196,"column":4},"end":{"line":198,"column":5}},"72":{"start":{"line":197,"column":6},"end":{"line":197,"column":62}},"73":{"start":{"line":205,"column":4},"end":{"line":205,"column":61}},"74":{"start":{"line":205,"column":36},"end":{"line":205,"column":59}},"75":{"start":{"line":34,"column":0},"end":{"line":34,"column":13}}},"fnMap":{"0":{"name":"(anonymous_0)","decl":{"start":{"line":35,"column":2},"end":{"line":35,"column":22}},"loc":{"start":{"line":35,"column":38},"end":{"line":35,"column":42}}},"1":{"name":"(anonymous_1)","decl":{"start":{"line":42,"column":2},"end":{"line":42,"column":7}},"loc":{"start":{"line":42,"column":30},"end":{"line":63,"column":3}}},"2":{"name":"(anonymous_2)","decl":{"start":{"line":69,"column":2},"end":{"line":69,"column":7}},"loc":{"start":{"line":69,"column":68},"end":{"line":101,"column":3}}},"3":{"name":"(anonymous_3)","decl":{"start":{"line":106,"column":2},"end":{"line":106,"column":7}},"loc":{"start":{"line":106,"column":33},"end":{"line":120,"column":3}}},"4":{"name":"(anonymous_4)","decl":{"start":{"line":125,"column":2},"end":{"line":125,"column":7}},"loc":{"start":{"line":125,"column":55},"end":{"line":149,"column":3}}},"5":{"name":"(anonymous_5)","decl":{"start":{"line":134,"column":34},"end":{"line":134,"column":35}},"loc":{"start":{"line":134,"column":44},"end":{"line":139,"column":10}}},"6":{"name":"(anonymous_6)","decl":{"start":{"line":154,"column":2},"end":{"line":154,"column":7}},"loc":{"start":{"line":154,"column":40},"end":{"line":168,"column":3}}},"7":{"name":"(anonymous_7)","decl":{"start":{"line":158,"column":38},"end":{"line":158,"column":39}},"loc":{"start":{"line":158,"column":52},"end":{"line":158,"column":66}}},"8":{"name":"(anonymous_8)","decl":{"start":{"line":174,"column":10},"end":{"line":174,"column":22}},"loc":{"start":{"line":174,"column":35},"end":{"line":199,"column":3}}},"9":{"name":"(anonymous_9)","decl":{"start":{"line":204,"column":10},"end":{"line":204,"column":15}},"loc":{"start":{"line":204,"column":26},"end":{"line":206,"column":3}}},"10":{"name":"(anonymous_10)","decl":{"start":{"line":205,"column":23},"end":{"line":205,"column":24}},"loc":{"start":{"line":205,"column":36},"end":{"line":205,"column":59}}}},"branchMap":{"0":{"loc":{"start":{"line":49,"column":8},"end":{"line":51,"column":9}},"type":"if","locations":[{"start":{"line":49,"column":8},"end":{"line":51,"column":9}},{"start":{},"end":{}}]},"1":{"loc":{"start":{"line":55,"column":8},"end":{"line":57,"column":9}},"type":"if","locations":[{"start":{"line":55,"column":8},"end":{"line":57,"column":9}},{"start":{},"end":{}}]},"2":{"loc":{"start":{"line":73,"column":4},"end":{"line":77,"column":5}},"type":"if","locations":[{"start":{"line":73,"column":4},"end":{"line":77,"column":5}},{"start":{},"end":{}}]},"3":{"loc":{"start":{"line":80,"column":4},"end":{"line":86,"column":5}},"type":"if","locations":[{"start":{"line":80,"column":4},"end":{"line":86,"column":5}},{"start":{},"end":{}}]},"4":{"loc":{"start":{"line":82,"column":8},"end":{"line":84,"column":9}},"type":"if","locations":[{"start":{"line":82,"column":8},"end":{"line":84,"column":9}},{"start":{},"end":{}}]},"5":{"loc":{"start":{"line":95,"column":8},"end":{"line":97,"column":9}},"type":"if","locations":[{"start":{"line":95,"column":8},"end":{"line":97,"column":9}},{"start":{},"end":{}}]},"6":{"loc":{"start":{"line":114,"column":8},"end":{"line":116,"column":9}},"type":"if","locations":[{"start":{"line":114,"column":8},"end":{"line":116,"column":9}},{"start":{},"end":{}}]},"7":{"loc":{"start":{"line":126,"column":4},"end":{"line":128,"column":5}},"type":"if","locations":[{"start":{"line":126,"column":4},"end":{"line":128,"column":5}},{"start":{},"end":{}}]},"8":{"loc":{"start":{"line":141,"column":8},"end":{"line":143,"column":9}},"type":"if","locations":[{"start":{"line":141,"column":8},"end":{"line":143,"column":9}},{"start":{},"end":{}}]},"9":{"loc":{"start":{"line":161,"column":19},"end":{"line":161,"column":77}},"type":"binary-expr","locations":[{"start":{"line":161,"column":19},"end":{"line":161,"column":50}},{"start":{"line":161,"column":54},"end":{"line":161,"column":77}}]},"10":{"loc":{"start":{"line":176,"column":4},"end":{"line":178,"column":5}},"type":"if","locations":[{"start":{"line":176,"column":4},"end":{"line":178,"column":5}},{"start":{},"end":{}}]},"11":{"loc":{"start":{"line":181,"column":4},"end":{"line":183,"column":5}},"type":"if","locations":[{"start":{"line":181,"column":4},"end":{"line":183,"column":5}},{"start":{},"end":{}}]},"12":{"loc":{"start":{"line":186,"column":4},"end":{"line":188,"column":5}},"type":"if","locations":[{"start":{"line":186,"column":4},"end":{"line":188,"column":5}},{"start":{},"end":{}}]},"13":{"loc":{"start":{"line":191,"column":4},"end":{"line":193,"column":5}},"type":"if","locations":[{"start":{"line":191,"column":4},"end":{"line":193,"column":5}},{"start":{},"end":{}}]},"14":{"loc":{"start":{"line":196,"column":4},"end":{"line":198,"column":5}},"type":"if","locations":[{"start":{"line":196,"column":4},"end":{"line":198,"column":5}},{"start":{},"end":{}}]}},"s":{"0":3,"1":3,"2":3,"3":3,"4":3,"5":59,"6":82,"7":82,"8":82,"9":90,"10":90,"11":79,"12":42,"13":37,"14":11,"15":3,"16":8,"17":0,"18":71,"19":67,"20":67,"21":1,"22":66,"23":66,"24":40,"25":41,"26":41,"27":66,"28":66,"29":66,"30":66,"31":70,"32":70,"33":65,"34":5,"35":1,"36":4,"37":4,"38":4,"39":4,"40":8,"41":8,"42":3,"43":5,"44":1,"45":4,"46":21,"47":1,"48":21,"49":21,"50":25,"51":25,"52":20,"53":10041,"54":5,"55":1,"56":4,"57":0,"58":3,"59":3,"60":3,"61":10005,"62":3,"63":158,"64":1,"65":157,"66":1,"67":156,"68":1,"69":155,"70":1,"71":154,"72":0,"73":20,"74":20,"75":3},"f":{"0":59,"1":82,"2":71,"3":4,"4":21,"5":10041,"6":3,"7":10005,"8":158,"9":20,"10":20},"b":{"0":[42,37],"1":[3,8],"2":[1,66],"3":[40,26],"4":[41,0],"5":[1,4],"6":[1,4],"7":[1,20],"8":[1,4],"9":[3,3],"10":[1,157],"11":[1,156],"12":[1,155],"13":[1,154],"14":[0,154]}}
,"/Users/nickdancer/Code/Second Brain/second-brain/src/tools/edit.ts": {"path":"/Users/nickdancer/Code/Second Brain/second-brain/src/tools/edit.ts","statementMap":{"0":{"start":{"line":24,"column":0},"end":{"line":24,"column":7}},"1":{"start":{"line":28,"column":2},"end":{"line":141,"column":3}},"2":{"start":{"line":30,"column":4},"end":{"line":35,"column":5}},"3":{"start":{"line":31,"column":6},"end":{"line":34,"column":8}},"4":{"start":{"line":38,"column":4},"end":{"line":55,"column":5}},"5":{"start":{"line":40,"column":22},"end":{"line":40,"column":58}},"6":{"start":{"line":41,"column":6},"end":{"line":46,"column":7}},"7":{"start":{"line":42,"column":8},"end":{"line":45,"column":10}},"8":{"start":{"line":49,"column":6},"end":{"line":49,"column":46}},"9":{"start":{"line":51,"column":6},"end":{"line":54,"column":8}},"10":{"start":{"line":58,"column":18},"end":{"line":58,"column":54}},"11":{"start":{"line":59,"column":4},"end":{"line":64,"column":5}},"12":{"start":{"line":60,"column":6},"end":{"line":63,"column":8}},"13":{"start":{"line":67,"column":4},"end":{"line":100,"column":5}},"14":{"start":{"line":69,"column":6},"end":{"line":74,"column":7}},"15":{"start":{"line":70,"column":8},"end":{"line":73,"column":10}},"16":{"start":{"line":77,"column":6},"end":{"line":82,"column":7}},"17":{"start":{"line":78,"column":8},"end":{"line":81,"column":10}},"18":{"start":{"line":85,"column":25},"end":{"line":85,"column":56}},"19":{"start":{"line":86,"column":24},"end":{"line":86,"column":59}},"20":{"start":{"line":87,"column":6},"end":{"line":92,"column":7}},"21":{"start":{"line":88,"column":8},"end":{"line":91,"column":10}},"22":{"start":{"line":95,"column":21},"end":{"line":95,"column":71}},"23":{"start":{"line":96,"column":6},"end":{"line":96,"column":56}},"24":{"start":{"line":99,"column":6},"end":{"line":99,"column":52}},"25":{"start":{"line":103,"column":4},"end":{"line":121,"column":5}},"26":{"start":{"line":105,"column":27},"end":{"line":105,"column":67}},"27":{"start":{"line":106,"column":6},"end":{"line":111,"column":7}},"28":{"start":{"line":107,"column":8},"end":{"line":110,"column":10}},"29":{"start":{"line":114,"column":6},"end":{"line":114,"column":56}},"30":{"start":{"line":115,"column":6},"end":{"line":115,"column":46}},"31":{"start":{"line":117,"column":6},"end":{"line":120,"column":8}},"32":{"start":{"line":124,"column":4},"end":{"line":129,"column":5}},"33":{"start":{"line":125,"column":6},"end":{"line":128,"column":8}},"34":{"start":{"line":131,"column":4},"end":{"line":134,"column":6}},"35":{"start":{"line":136,"column":4},"end":{"line":136,"column":45}},"36":{"start":{"line":137,"column":4},"end":{"line":140,"column":6}}},"fnMap":{"0":{"name":"editTool","decl":{"start":{"line":24,"column":22},"end":{"line":24,"column":30}},"loc":{"start":{"line":26,"column":25},"end":{"line":142,"column":1}}}},"branchMap":{"0":{"loc":{"start":{"line":30,"column":4},"end":{"line":35,"column":5}},"type":"if","locations":[{"start":{"line":30,"column":4},"end":{"line":35,"column":5}},{"start":{},"end":{}}]},"1":{"loc":{"start":{"line":30,"column":8},"end":{"line":30,"column":49}},"type":"binary-expr","locations":[{"start":{"line":30,"column":8},"end":{"line":30,"column":20}},{"start":{"line":30,"column":24},"end":{"line":30,"column":49}}]},"2":{"loc":{"start":{"line":38,"column":4},"end":{"line":55,"column":5}},"type":"if","locations":[{"start":{"line":38,"column":4},"end":{"line":55,"column":5}},{"start":{},"end":{}}]},"3":{"loc":{"start":{"line":41,"column":6},"end":{"line":46,"column":7}},"type":"if","locations":[{"start":{"line":41,"column":6},"end":{"line":46,"column":7}},{"start":{},"end":{}}]},"4":{"loc":{"start":{"line":59,"column":4},"end":{"line":64,"column":5}},"type":"if","locations":[{"start":{"line":59,"column":4},"end":{"line":64,"column":5}},{"start":{},"end":{}}]},"5":{"loc":{"start":{"line":67,"column":4},"end":{"line":100,"column":5}},"type":"if","locations":[{"start":{"line":67,"column":4},"end":{"line":100,"column":5}},{"start":{},"end":{}}]},"6":{"loc":{"start":{"line":67,"column":8},"end":{"line":67,"column":68}},"type":"binary-expr","locations":[{"start":{"line":67,"column":8},"end":{"line":67,"column":36}},{"start":{"line":67,"column":40},"end":{"line":67,"column":68}}]},"7":{"loc":{"start":{"line":69,"column":6},"end":{"line":74,"column":7}},"type":"if","locations":[{"start":{"line":69,"column":6},"end":{"line":74,"column":7}},{"start":{},"end":{}}]},"8":{"loc":{"start":{"line":77,"column":6},"end":{"line":82,"column":7}},"type":"if","locations":[{"start":{"line":77,"column":6},"end":{"line":82,"column":7}},{"start":{},"end":{}}]},"9":{"loc":{"start":{"line":87,"column":6},"end":{"line":92,"column":7}},"type":"if","locations":[{"start":{"line":87,"column":6},"end":{"line":92,"column":7}},{"start":{},"end":{}}]},"10":{"loc":{"start":{"line":95,"column":21},"end":{"line":95,"column":71}},"type":"cond-expr","locations":[{"start":{"line":95,"column":52},"end":{"line":95,"column":66}},{"start":{"line":95,"column":69},"end":{"line":95,"column":71}}]},"11":{"loc":{"start":{"line":103,"column":4},"end":{"line":121,"column":5}},"type":"if","locations":[{"start":{"line":103,"column":4},"end":{"line":121,"column":5}},{"start":{},"end":{}}]},"12":{"loc":{"start":{"line":106,"column":6},"end":{"line":111,"column":7}},"type":"if","locations":[{"start":{"line":106,"column":6},"end":{"line":111,"column":7}},{"start":{},"end":{}}]},"13":{"loc":{"start":{"line":124,"column":4},"end":{"line":129,"column":5}},"type":"if","locations":[{"start":{"line":124,"column":4},"end":{"line":129,"column":5}},{"start":{},"end":{}}]},"14":{"loc":{"start":{"line":124,"column":8},"end":{"line":124,"column":74}},"type":"binary-expr","locations":[{"start":{"line":124,"column":8},"end":{"line":124,"column":36}},{"start":{"line":124,"column":40},"end":{"line":124,"column":56}},{"start":{"line":124,"column":60},"end":{"line":124,"column":74}}]},"15":{"loc":{"start":{"line":138,"column":38},"end":{"line":138,"column":94}},"type":"cond-expr","locations":[{"start":{"line":138,"column":63},"end":{"line":138,"column":76}},{"start":{"line":138,"column":79},"end":{"line":138,"column":94}}]}},"s":{"0":1,"1":21,"2":21,"3":1,"4":20,"5":3,"6":3,"7":1,"8":2,"9":2,"10":17,"11":16,"12":1,"13":15,"14":10,"15":1,"16":9,"17":1,"18":8,"19":8,"20":8,"21":1,"22":7,"23":7,"24":7,"25":12,"26":6,"27":6,"28":1,"29":5,"30":5,"31":5,"32":6,"33":1,"34":5,"35":1,"36":1},"f":{"0":21},"b":{"0":[1,20],"1":[21,20],"2":[3,17],"3":[1,2],"4":[1,15],"5":[10,5],"6":[15,6],"7":[1,9],"8":[1,8],"9":[1,7],"10":[7,0],"11":[6,6],"12":[1,5],"13":[1,5],"14":[6,1,1],"15":[1,0]}}
,"/Users/nickdancer/Code/Second Brain/second-brain/src/tools/glob.ts": {"path":"/Users/nickdancer/Code/Second Brain/second-brain/src/tools/glob.ts","statementMap":{"0":{"start":{"line":47,"column":0},"end":{"line":47,"column":7}},"1":{"start":{"line":18,"column":28},"end":{"line":18,"column":31}},"2":{"start":{"line":19,"column":26},"end":{"line":19,"column":30}},"3":{"start":{"line":25,"column":21},"end":{"line":39,"column":38}},"4":{"start":{"line":41,"column":2},"end":{"line":41,"column":41}},"5":{"start":{"line":51,"column":2},"end":{"line":108,"column":3}},"6":{"start":{"line":53,"column":4},"end":{"line":58,"column":5}},"7":{"start":{"line":54,"column":6},"end":{"line":57,"column":8}},"8":{"start":{"line":61,"column":21},"end":{"line":61,"column":62}},"9":{"start":{"line":62,"column":4},"end":{"line":64,"column":5}},"10":{"start":{"line":63,"column":6},"end":{"line":63,"column":37}},"11":{"start":{"line":68,"column":4},"end":{"line":75,"column":5}},"12":{"start":{"line":69,"column":6},"end":{"line":69,"column":42}},"13":{"start":{"line":71,"column":6},"end":{"line":74,"column":8}},"14":{"start":{"line":78,"column":23},"end":{"line":78,"column":50}},"15":{"start":{"line":81,"column":28},"end":{"line":81,"column":75}},"16":{"start":{"line":81,"column":55},"end":{"line":81,"column":74}},"17":{"start":{"line":84,"column":4},"end":{"line":86,"column":7}},"18":{"start":{"line":85,"column":6},"end":{"line":85,"column":57}},"19":{"start":{"line":89,"column":27},"end":{"line":89,"column":63}},"20":{"start":{"line":92,"column":20},"end":{"line":96,"column":7}},"21":{"start":{"line":92,"column":49},"end":{"line":96,"column":6}},"22":{"start":{"line":98,"column":4},"end":{"line":101,"column":6}},"23":{"start":{"line":103,"column":4},"end":{"line":103,"column":45}},"24":{"start":{"line":104,"column":4},"end":{"line":107,"column":6}}},"fnMap":{"0":{"name":"globToRegex","decl":{"start":{"line":24,"column":9},"end":{"line":24,"column":20}},"loc":{"start":{"line":24,"column":36},"end":{"line":42,"column":1}}},"1":{"name":"globTool","decl":{"start":{"line":47,"column":22},"end":{"line":47,"column":30}},"loc":{"start":{"line":49,"column":25},"end":{"line":109,"column":1}}},"2":{"name":"(anonymous_2)","decl":{"start":{"line":81,"column":46},"end":{"line":81,"column":47}},"loc":{"start":{"line":81,"column":55},"end":{"line":81,"column":74}}},"3":{"name":"(anonymous_3)","decl":{"start":{"line":84,"column":25},"end":{"line":84,"column":26}},"loc":{"start":{"line":84,"column":34},"end":{"line":86,"column":5}}},"4":{"name":"(anonymous_4)","decl":{"start":{"line":92,"column":39},"end":{"line":92,"column":40}},"loc":{"start":{"line":92,"column":49},"end":{"line":96,"column":6}}}},"branchMap":{"0":{"loc":{"start":{"line":53,"column":4},"end":{"line":58,"column":5}},"type":"if","locations":[{"start":{"line":53,"column":4},"end":{"line":58,"column":5}},{"start":{},"end":{}}]},"1":{"loc":{"start":{"line":53,"column":8},"end":{"line":53,"column":55}},"type":"binary-expr","locations":[{"start":{"line":53,"column":8},"end":{"line":53,"column":23}},{"start":{"line":53,"column":27},"end":{"line":53,"column":55}}]},"2":{"loc":{"start":{"line":61,"column":21},"end":{"line":61,"column":62}},"type":"binary-expr","locations":[{"start":{"line":61,"column":21},"end":{"line":61,"column":39}},{"start":{"line":61,"column":43},"end":{"line":61,"column":62}}]},"3":{"loc":{"start":{"line":62,"column":4},"end":{"line":64,"column":5}},"type":"if","locations":[{"start":{"line":62,"column":4},"end":{"line":64,"column":5}},{"start":{},"end":{}}]},"4":{"loc":{"start":{"line":105,"column":39},"end":{"line":105,"column":95}},"type":"cond-expr","locations":[{"start":{"line":105,"column":64},"end":{"line":105,"column":77}},{"start":{"line":105,"column":80},"end":{"line":105,"column":95}}]}},"s":{"0":1,"1":1,"2":1,"3":18,"4":18,"5":20,"6":20,"7":2,"8":18,"9":18,"10":1,"11":18,"12":18,"13":0,"14":18,"15":17,"16":263,"17":17,"18":181,"19":17,"20":17,"21":138,"22":17,"23":1,"24":1},"f":{"0":18,"1":20,"2":263,"3":181,"4":138},"b":{"0":[2,18],"1":[20,18],"2":[18,15],"3":[1,17],"4":[1,0]}}
,"/Users/nickdancer/Code/Second Brain/second-brain/src/tools/grep.ts": {"path":"/Users/nickdancer/Code/Second Brain/second-brain/src/tools/grep.ts","statementMap":{"0":{"start":{"line":49,"column":0},"end":{"line":49,"column":7}},"1":{"start":{"line":27,"column":28},"end":{"line":27,"column":30}},"2":{"start":{"line":28,"column":26},"end":{"line":28,"column":30}},"3":{"start":{"line":34,"column":21},"end":{"line":41,"column":38}},"4":{"start":{"line":43,"column":2},"end":{"line":43,"column":41}},"5":{"start":{"line":53,"column":2},"end":{"line":142,"column":3}},"6":{"start":{"line":55,"column":4},"end":{"line":60,"column":5}},"7":{"start":{"line":56,"column":6},"end":{"line":59,"column":8}},"8":{"start":{"line":63,"column":21},"end":{"line":63,"column":62}},"9":{"start":{"line":64,"column":4},"end":{"line":66,"column":5}},"10":{"start":{"line":65,"column":6},"end":{"line":65,"column":37}},"11":{"start":{"line":70,"column":4},"end":{"line":77,"column":5}},"12":{"start":{"line":71,"column":6},"end":{"line":71,"column":52}},"13":{"start":{"line":73,"column":6},"end":{"line":76,"column":8}},"14":{"start":{"line":80,"column":23},"end":{"line":80,"column":50}},"15":{"start":{"line":83,"column":24},"end":{"line":83,"column":34}},"16":{"start":{"line":84,"column":4},"end":{"line":87,"column":5}},"17":{"start":{"line":85,"column":24},"end":{"line":85,"column":48}},"18":{"start":{"line":86,"column":6},"end":{"line":86,"column":74}},"19":{"start":{"line":86,"column":49},"end":{"line":86,"column":72}},"20":{"start":{"line":90,"column":33},"end":{"line":90,"column":35}},"21":{"start":{"line":91,"column":23},"end":{"line":91,"column":24}},"22":{"start":{"line":93,"column":4},"end":{"line":130,"column":5}},"23":{"start":{"line":94,"column":6},"end":{"line":96,"column":7}},"24":{"start":{"line":95,"column":8},"end":{"line":95,"column":14}},"25":{"start":{"line":99,"column":22},"end":{"line":99,"column":58}},"26":{"start":{"line":100,"column":6},"end":{"line":102,"column":7}},"27":{"start":{"line":101,"column":8},"end":{"line":101,"column":17}},"28":{"start":{"line":105,"column":20},"end":{"line":105,"column":39}},"29":{"start":{"line":106,"column":6},"end":{"line":129,"column":7}},"30":{"start":{"line":106,"column":19},"end":{"line":106,"column":20}},"31":{"start":{"line":107,"column":8},"end":{"line":109,"column":9}},"32":{"start":{"line":108,"column":10},"end":{"line":108,"column":16}},"33":{"start":{"line":111,"column":21},"end":{"line":111,"column":29}},"34":{"start":{"line":112,"column":8},"end":{"line":128,"column":9}},"35":{"start":{"line":113,"column":35},"end":{"line":117,"column":12}},"36":{"start":{"line":120,"column":10},"end":{"line":124,"column":11}},"37":{"start":{"line":121,"column":26},"end":{"line":121,"column":63}},"38":{"start":{"line":122,"column":24},"end":{"line":122,"column":76}},"39":{"start":{"line":123,"column":12},"end":{"line":123,"column":52}},"40":{"start":{"line":126,"column":10},"end":{"line":126,"column":30}},"41":{"start":{"line":127,"column":10},"end":{"line":127,"column":25}},"42":{"start":{"line":132,"column":4},"end":{"line":135,"column":6}},"43":{"start":{"line":137,"column":4},"end":{"line":137,"column":45}},"44":{"start":{"line":138,"column":4},"end":{"line":141,"column":6}}},"fnMap":{"0":{"name":"globToRegex","decl":{"start":{"line":33,"column":9},"end":{"line":33,"column":20}},"loc":{"start":{"line":33,"column":36},"end":{"line":44,"column":1}}},"1":{"name":"grepTool","decl":{"start":{"line":49,"column":22},"end":{"line":49,"column":30}},"loc":{"start":{"line":51,"column":25},"end":{"line":143,"column":1}}},"2":{"name":"(anonymous_2)","decl":{"start":{"line":86,"column":40},"end":{"line":86,"column":41}},"loc":{"start":{"line":86,"column":49},"end":{"line":86,"column":72}}}},"branchMap":{"0":{"loc":{"start":{"line":55,"column":4},"end":{"line":60,"column":5}},"type":"if","locations":[{"start":{"line":55,"column":4},"end":{"line":60,"column":5}},{"start":{},"end":{}}]},"1":{"loc":{"start":{"line":55,"column":8},"end":{"line":55,"column":55}},"type":"binary-expr","locations":[{"start":{"line":55,"column":8},"end":{"line":55,"column":23}},{"start":{"line":55,"column":27},"end":{"line":55,"column":55}}]},"2":{"loc":{"start":{"line":63,"column":21},"end":{"line":63,"column":62}},"type":"binary-expr","locations":[{"start":{"line":63,"column":21},"end":{"line":63,"column":39}},{"start":{"line":63,"column":43},"end":{"line":63,"column":62}}]},"3":{"loc":{"start":{"line":64,"column":4},"end":{"line":66,"column":5}},"type":"if","locations":[{"start":{"line":64,"column":4},"end":{"line":66,"column":5}},{"start":{},"end":{}}]},"4":{"loc":{"start":{"line":84,"column":4},"end":{"line":87,"column":5}},"type":"if","locations":[{"start":{"line":84,"column":4},"end":{"line":87,"column":5}},{"start":{},"end":{}}]},"5":{"loc":{"start":{"line":94,"column":6},"end":{"line":96,"column":7}},"type":"if","locations":[{"start":{"line":94,"column":6},"end":{"line":96,"column":7}},{"start":{},"end":{}}]},"6":{"loc":{"start":{"line":100,"column":6},"end":{"line":102,"column":7}},"type":"if","locations":[{"start":{"line":100,"column":6},"end":{"line":102,"column":7}},{"start":{},"end":{}}]},"7":{"loc":{"start":{"line":107,"column":8},"end":{"line":109,"column":9}},"type":"if","locations":[{"start":{"line":107,"column":8},"end":{"line":109,"column":9}},{"start":{},"end":{}}]},"8":{"loc":{"start":{"line":112,"column":8},"end":{"line":128,"column":9}},"type":"if","locations":[{"start":{"line":112,"column":8},"end":{"line":128,"column":9}},{"start":{},"end":{}}]},"9":{"loc":{"start":{"line":120,"column":10},"end":{"line":124,"column":11}},"type":"if","locations":[{"start":{"line":120,"column":10},"end":{"line":124,"column":11}},{"start":{},"end":{}}]},"10":{"loc":{"start":{"line":120,"column":14},"end":{"line":120,"column":62}},"type":"binary-expr","locations":[{"start":{"line":120,"column":14},"end":{"line":120,"column":34}},{"start":{"line":120,"column":38},"end":{"line":120,"column":62}}]},"11":{"loc":{"start":{"line":139,"column":41},"end":{"line":139,"column":97}},"type":"cond-expr","locations":[{"start":{"line":139,"column":66},"end":{"line":139,"column":79}},{"start":{"line":139,"column":82},"end":{"line":139,"column":97}}]}},"s":{"0":1,"1":1,"2":1,"3":3,"4":3,"5":22,"6":22,"7":2,"8":20,"9":20,"10":1,"11":20,"12":20,"13":1,"14":19,"15":18,"16":18,"17":3,"18":3,"19":15,"20":18,"21":18,"22":18,"23":84,"24":0,"25":84,"26":84,"27":0,"28":84,"29":84,"30":84,"31":305,"32":2,"33":303,"34":303,"35":75,"36":75,"37":2,"38":2,"39":2,"40":75,"41":75,"42":18,"43":1,"44":1},"f":{"0":3,"1":22,"2":15},"b":{"0":[2,20],"1":[22,20],"2":[20,18],"3":[1,19],"4":[3,15],"5":[0,84],"6":[0,84],"7":[2,303],"8":[75,228],"9":[2,73],"10":[75,2],"11":[1,0]}}
,"/Users/nickdancer/Code/Second Brain/second-brain/src/tools/read.ts": {"path":"/Users/nickdancer/Code/Second Brain/second-brain/src/tools/read.ts","statementMap":{"0":{"start":{"line":24,"column":0},"end":{"line":24,"column":7}},"1":{"start":{"line":19,"column":22},"end":{"line":19,"column":38}},"2":{"start":{"line":28,"column":2},"end":{"line":101,"column":3}},"3":{"start":{"line":30,"column":4},"end":{"line":35,"column":5}},"4":{"start":{"line":31,"column":6},"end":{"line":34,"column":8}},"5":{"start":{"line":38,"column":4},"end":{"line":52,"column":5}},"6":{"start":{"line":39,"column":27},"end":{"line":39,"column":39}},"7":{"start":{"line":40,"column":6},"end":{"line":45,"column":7}},"8":{"start":{"line":41,"column":8},"end":{"line":44,"column":10}},"9":{"start":{"line":46,"column":6},"end":{"line":51,"column":7}},"10":{"start":{"line":47,"column":8},"end":{"line":50,"column":10}},"11":{"start":{"line":55,"column":20},"end":{"line":55,"column":56}},"12":{"start":{"line":57,"column":4},"end":{"line":62,"column":5}},"13":{"start":{"line":58,"column":6},"end":{"line":61,"column":8}},"14":{"start":{"line":65,"column":17},"end":{"line":65,"column":24}},"15":{"start":{"line":66,"column":4},"end":{"line":75,"column":5}},"16":{"start":{"line":67,"column":20},"end":{"line":67,"column":39}},"17":{"start":{"line":68,"column":27},"end":{"line":68,"column":39}},"18":{"start":{"line":71,"column":25},"end":{"line":71,"column":47}},"19":{"start":{"line":72,"column":23},"end":{"line":72,"column":50}},"20":{"start":{"line":74,"column":6},"end":{"line":74,"column":60}},"21":{"start":{"line":78,"column":4},"end":{"line":89,"column":5}},"22":{"start":{"line":79,"column":22},"end":{"line":79,"column":39}},"23":{"start":{"line":80,"column":20},"end":{"line":80,"column":42}},"24":{"start":{"line":82,"column":6},"end":{"line":88,"column":7}},"25":{"start":{"line":85,"column":24},"end":{"line":85,"column":41}},"26":{"start":{"line":86,"column":26},"end":{"line":86,"column":58}},"27":{"start":{"line":87,"column":8},"end":{"line":87,"column":62}},"28":{"start":{"line":91,"column":4},"end":{"line":94,"column":6}},"29":{"start":{"line":96,"column":4},"end":{"line":96,"column":45}},"30":{"start":{"line":97,"column":4},"end":{"line":100,"column":6}}},"fnMap":{"0":{"name":"readTool","decl":{"start":{"line":24,"column":22},"end":{"line":24,"column":30}},"loc":{"start":{"line":26,"column":25},"end":{"line":102,"column":1}}}},"branchMap":{"0":{"loc":{"start":{"line":30,"column":4},"end":{"line":35,"column":5}},"type":"if","locations":[{"start":{"line":30,"column":4},"end":{"line":35,"column":5}},{"start":{},"end":{}}]},"1":{"loc":{"start":{"line":30,"column":8},"end":{"line":30,"column":49}},"type":"binary-expr","locations":[{"start":{"line":30,"column":8},"end":{"line":30,"column":20}},{"start":{"line":30,"column":24},"end":{"line":30,"column":49}}]},"2":{"loc":{"start":{"line":38,"column":4},"end":{"line":52,"column":5}},"type":"if","locations":[{"start":{"line":38,"column":4},"end":{"line":52,"column":5}},{"start":{},"end":{}}]},"3":{"loc":{"start":{"line":40,"column":6},"end":{"line":45,"column":7}},"type":"if","locations":[{"start":{"line":40,"column":6},"end":{"line":45,"column":7}},{"start":{},"end":{}}]},"4":{"loc":{"start":{"line":40,"column":10},"end":{"line":40,"column":30}},"type":"binary-expr","locations":[{"start":{"line":40,"column":10},"end":{"line":40,"column":19}},{"start":{"line":40,"column":23},"end":{"line":40,"column":30}}]},"5":{"loc":{"start":{"line":46,"column":6},"end":{"line":51,"column":7}},"type":"if","locations":[{"start":{"line":46,"column":6},"end":{"line":51,"column":7}},{"start":{},"end":{}}]},"6":{"loc":{"start":{"line":57,"column":4},"end":{"line":62,"column":5}},"type":"if","locations":[{"start":{"line":57,"column":4},"end":{"line":62,"column":5}},{"start":{},"end":{}}]},"7":{"loc":{"start":{"line":66,"column":4},"end":{"line":75,"column":5}},"type":"if","locations":[{"start":{"line":66,"column":4},"end":{"line":75,"column":5}},{"start":{},"end":{}}]},"8":{"loc":{"start":{"line":78,"column":4},"end":{"line":89,"column":5}},"type":"if","locations":[{"start":{"line":78,"column":4},"end":{"line":89,"column":5}},{"start":{},"end":{}}]},"9":{"loc":{"start":{"line":78,"column":8},"end":{"line":78,"column":48}},"type":"binary-expr","locations":[{"start":{"line":78,"column":8},"end":{"line":78,"column":24}},{"start":{"line":78,"column":28},"end":{"line":78,"column":48}}]},"10":{"loc":{"start":{"line":82,"column":6},"end":{"line":88,"column":7}},"type":"if","locations":[{"start":{"line":82,"column":6},"end":{"line":88,"column":7}},{"start":{},"end":{}}]},"11":{"loc":{"start":{"line":98,"column":38},"end":{"line":98,"column":94}},"type":"cond-expr","locations":[{"start":{"line":98,"column":63},"end":{"line":98,"column":76}},{"start":{"line":98,"column":79},"end":{"line":98,"column":94}}]}},"s":{"0":1,"1":1,"2":18,"3":18,"4":2,"5":16,"6":7,"7":7,"8":1,"9":6,"10":1,"11":14,"12":13,"13":1,"14":12,"15":12,"16":5,"17":5,"18":5,"19":5,"20":5,"21":12,"22":5,"23":5,"24":5,"25":4,"26":4,"27":4,"28":12,"29":1,"30":1},"f":{"0":18},"b":{"0":[2,16],"1":[18,16],"2":[7,9],"3":[1,6],"4":[7,6],"5":[1,5],"6":[1,12],"7":[5,7],"8":[5,7],"9":[12,5],"10":[4,1],"11":[1,0]}}
,"/Users/nickdancer/Code/Second Brain/second-brain/src/tools/write.ts": {"path":"/Users/nickdancer/Code/Second Brain/second-brain/src/tools/write.ts","statementMap":{"0":{"start":{"line":23,"column":0},"end":{"line":23,"column":7}},"1":{"start":{"line":18,"column":23},"end":{"line":18,"column":38}},"2":{"start":{"line":28,"column":2},"end":{"line":89,"column":3}},"3":{"start":{"line":30,"column":4},"end":{"line":35,"column":5}},"4":{"start":{"line":31,"column":6},"end":{"line":34,"column":8}},"5":{"start":{"line":38,"column":4},"end":{"line":43,"column":5}},"6":{"start":{"line":39,"column":6},"end":{"line":42,"column":8}},"7":{"start":{"line":46,"column":4},"end":{"line":51,"column":5}},"8":{"start":{"line":47,"column":6},"end":{"line":50,"column":8}},"9":{"start":{"line":54,"column":20},"end":{"line":54,"column":37}},"10":{"start":{"line":55,"column":18},"end":{"line":55,"column":48}},"11":{"start":{"line":57,"column":4},"end":{"line":62,"column":5}},"12":{"start":{"line":58,"column":6},"end":{"line":61,"column":8}},"13":{"start":{"line":65,"column":18},"end":{"line":65,"column":57}},"14":{"start":{"line":66,"column":4},"end":{"line":71,"column":5}},"15":{"start":{"line":67,"column":6},"end":{"line":70,"column":8}},"16":{"start":{"line":74,"column":4},"end":{"line":77,"column":7}},"17":{"start":{"line":79,"column":4},"end":{"line":82,"column":6}},"18":{"start":{"line":84,"column":4},"end":{"line":84,"column":46}},"19":{"start":{"line":85,"column":4},"end":{"line":88,"column":6}}},"fnMap":{"0":{"name":"writeTool","decl":{"start":{"line":23,"column":22},"end":{"line":23,"column":31}},"loc":{"start":{"line":26,"column":16},"end":{"line":90,"column":1}}}},"branchMap":{"0":{"loc":{"start":{"line":30,"column":4},"end":{"line":35,"column":5}},"type":"if","locations":[{"start":{"line":30,"column":4},"end":{"line":35,"column":5}},{"start":{},"end":{}}]},"1":{"loc":{"start":{"line":30,"column":8},"end":{"line":30,"column":49}},"type":"binary-expr","locations":[{"start":{"line":30,"column":8},"end":{"line":30,"column":20}},{"start":{"line":30,"column":24},"end":{"line":30,"column":49}}]},"2":{"loc":{"start":{"line":38,"column":4},"end":{"line":43,"column":5}},"type":"if","locations":[{"start":{"line":38,"column":4},"end":{"line":43,"column":5}},{"start":{},"end":{}}]},"3":{"loc":{"start":{"line":46,"column":4},"end":{"line":51,"column":5}},"type":"if","locations":[{"start":{"line":46,"column":4},"end":{"line":51,"column":5}},{"start":{},"end":{}}]},"4":{"loc":{"start":{"line":46,"column":8},"end":{"line":46,"column":63}},"type":"binary-expr","locations":[{"start":{"line":46,"column":8},"end":{"line":46,"column":31}},{"start":{"line":46,"column":35},"end":{"line":46,"column":63}}]},"5":{"loc":{"start":{"line":57,"column":4},"end":{"line":62,"column":5}},"type":"if","locations":[{"start":{"line":57,"column":4},"end":{"line":62,"column":5}},{"start":{},"end":{}}]},"6":{"loc":{"start":{"line":66,"column":4},"end":{"line":71,"column":5}},"type":"if","locations":[{"start":{"line":66,"column":4},"end":{"line":71,"column":5}},{"start":{},"end":{}}]},"7":{"loc":{"start":{"line":86,"column":38},"end":{"line":86,"column":94}},"type":"cond-expr","locations":[{"start":{"line":86,"column":63},"end":{"line":86,"column":76}},{"start":{"line":86,"column":79},"end":{"line":86,"column":94}}]}},"s":{"0":1,"1":1,"2":22,"3":22,"4":2,"5":20,"6":1,"7":19,"8":1,"9":18,"10":18,"11":18,"12":1,"13":17,"14":17,"15":1,"16":16,"17":15,"18":1,"19":1},"f":{"0":22},"b":{"0":[2,20],"1":[22,20],"2":[1,19],"3":[1,18],"4":[19,18],"5":[1,17],"6":[1,16],"7":[1,0]}}
}
