TN:
SF:src/backup.ts
FN:38,(anonymous_0)
FN:48,(anonymous_1)
FN:122,(anonymous_2)
FN:155,(anonymous_3)
FN:203,(anonymous_4)
FN:227,(anonymous_5)
FN:269,(anonymous_6)
FNF:7
FNH:7
FNDA:23,(anonymous_0)
FNDA:15,(anonymous_1)
FNDA:18,(anonymous_2)
FNDA:5,(anonymous_3)
FNDA:2,(anonymous_4)
FNDA:2,(anonymous_5)
FNDA:2,(anonymous_6)
DA:7,1
DA:35,1
DA:37,1
DA:39,23
DA:40,23
DA:41,23
DA:49,15
DA:50,15
DA:51,15
DA:52,15
DA:53,15
DA:54,15
DA:56,15
DA:58,15
DA:60,13
DA:61,18
DA:62,18
DA:63,18
DA:66,18
DA:68,18
DA:70,16
DA:71,16
DA:72,1
DA:73,1
DA:77,15
DA:89,14
DA:90,14
DA:92,2
DA:96,1
DA:97,1
DA:101,2
DA:102,2
DA:105,15
DA:107,15
DA:126,18
DA:127,18
DA:135,3
DA:136,3
DA:137,2
DA:140,1
DA:143,15
DA:144,15
DA:147,0
DA:156,5
DA:157,5
DA:159,5
DA:161,5
DA:168,4
DA:169,1
DA:173,3
DA:174,3
DA:175,6
DA:178,6
DA:179,6
DA:180,6
DA:181,6
DA:182,6
DA:184,6
DA:189,3
DA:190,3
DA:191,3
DA:193,3
DA:194,6
DA:195,2
DA:197,2
DA:198,2
DA:199,2
DA:203,2
DA:207,2
DA:211,0
DA:212,0
DA:217,1
DA:218,1
DA:221,4
DA:228,2
DA:229,2
DA:237,1
DA:238,1
DA:239,1
DA:240,1
DA:241,1
DA:242,1
DA:243,1
DA:249,1
DA:250,1
DA:254,1
DA:259,1
DA:271,2
DA:274,2
DA:275,1
DA:278,2
LF:91
LH:88
BRDA:68,0,0,16
BRDA:68,0,1,2
BRDA:71,1,0,1
BRDA:71,1,1,15
BRDA:84,2,0,15
BRDA:84,2,1,0
BRDA:96,3,0,1
BRDA:96,3,1,0
BRDA:101,4,0,2
BRDA:101,4,1,0
BRDA:136,5,0,2
BRDA:136,5,1,1
BRDA:136,6,0,3
BRDA:136,6,1,3
BRDA:143,7,0,15
BRDA:143,7,1,0
BRDA:143,8,0,15
BRDA:143,8,1,0
BRDA:168,9,0,1
BRDA:168,9,1,3
BRDA:168,10,0,4
BRDA:168,10,1,4
BRDA:175,11,0,0
BRDA:175,11,1,6
BRDA:179,12,0,6
BRDA:179,12,1,0
BRDA:181,13,0,6
BRDA:181,13,1,0
BRDA:194,14,0,2
BRDA:194,14,1,4
BRDA:211,15,0,0
BRDA:211,15,1,0
BRDA:217,16,0,1
BRDA:217,16,1,0
BRDA:238,17,0,1
BRDA:238,17,1,0
BRDA:240,18,0,1
BRDA:240,18,1,0
BRDA:242,19,0,1
BRDA:242,19,1,0
BRDA:250,20,0,1
BRDA:250,20,1,0
BRDA:274,21,0,1
BRDA:274,21,1,1
BRF:44
BRH:29
end_of_record
TN:
SF:src/bootstrap.ts
FN:13,shouldBootstrap
FN:23,bootstrapSecondBrain
FNF:2
FNH:2
FNDA:5,shouldBootstrap
FNDA:10,bootstrapSecondBrain
DA:13,1
DA:14,5
DA:15,4
DA:23,1
DA:24,10
DA:48,10
DA:49,46
DA:50,45
DA:51,39
DA:60,1
DA:89,1
DA:104,1
DA:120,1
DA:136,1
LF:14
LH:14
BRDA:50,0,0,39
BRDA:50,0,1,6
BRF:2
BRH:2
end_of_record
TN:
SF:src/index.ts
FN:38,createApp
FN:49,(anonymous_1)
FN:59,(anonymous_2)
FN:79,(anonymous_3)
FN:100,(anonymous_4)
FN:110,(anonymous_5)
FN:119,(anonymous_6)
FN:124,(anonymous_7)
FN:136,(anonymous_8)
FN:144,(anonymous_9)
FNF:10
FNH:7
FNDA:14,createApp
FNDA:3,(anonymous_1)
FNDA:1,(anonymous_2)
FNDA:2,(anonymous_3)
FNDA:1,(anonymous_4)
FNDA:1,(anonymous_5)
FNDA:4,(anonymous_6)
FNDA:0,(anonymous_7)
FNDA:0,(anonymous_8)
FNDA:0,(anonymous_9)
DA:6,1
DA:7,1
DA:8,1
DA:38,1
DA:39,14
DA:42,14
DA:49,14
DA:50,3
DA:59,14
DA:60,1
DA:61,1
DA:70,1
DA:71,0
DA:73,1
DA:74,1
DA:79,14
DA:80,2
DA:81,2
DA:90,2
DA:91,2
DA:93,0
DA:94,0
DA:100,14
DA:102,1
DA:110,14
DA:112,1
DA:119,14
DA:120,4
DA:124,14
DA:125,0
DA:126,0
DA:129,14
DA:135,1
DA:137,0
DA:138,0
DA:145,0
LF:36
LH:28
BRF:0
BRH:0
end_of_record
TN:
SF:src/mcp-server.ts
FN:70,createMCPServer
FN:83,registerTools
FN:215,registerPrompts
FN:237,(anonymous_3)
FN:268,(anonymous_4)
FN:301,(anonymous_5)
FNF:6
FNH:6
FNDA:22,createMCPServer
FNDA:7,registerTools
FNDA:9,registerPrompts
FNDA:2,(anonymous_3)
FNDA:1,(anonymous_4)
FNDA:1,(anonymous_5)
DA:5,1
DA:70,1
DA:71,22
DA:83,1
DA:85,7
DA:112,7
DA:132,7
DA:164,7
DA:184,7
DA:215,1
DA:217,9
DA:238,2
DA:239,2
DA:240,2
DA:242,2
DA:258,9
DA:269,1
DA:271,1
DA:286,9
DA:302,1
DA:303,1
DA:305,1
LF:22
LH:22
BRDA:238,0,0,2
BRDA:238,0,1,1
BRDA:239,1,0,2
BRDA:239,1,1,1
BRDA:240,2,0,2
BRDA:240,2,1,1
BRDA:269,3,0,1
BRDA:269,3,1,0
BRDA:302,4,0,1
BRDA:302,4,1,0
BRDA:303,5,0,1
BRDA:303,5,1,0
BRF:12
BRH:9
end_of_record
TN:
SF:src/monitoring.ts
FN:16,(anonymous_0)
FN:25,(anonymous_1)
FN:51,(anonymous_2)
FN:76,(anonymous_3)
FN:100,(anonymous_4)
FN:123,(anonymous_5)
FN:145,(anonymous_6)
FN:167,(anonymous_7)
FN:177,(anonymous_8)
FN:187,(anonymous_9)
FNF:10
FNH:10
FNDA:23,(anonymous_0)
FNDA:12,(anonymous_1)
FNDA:8,(anonymous_2)
FNDA:5,(anonymous_3)
FNDA:5,(anonymous_4)
FNDA:3,(anonymous_5)
FNDA:4,(anonymous_6)
FNDA:33,(anonymous_7)
FNDA:992,(anonymous_8)
FNDA:8,(anonymous_9)
DA:15,1
DA:16,23
DA:31,12
DA:32,12
DA:34,12
DA:41,1
DA:56,8
DA:57,8
DA:58,8
DA:60,8
DA:66,0
DA:81,5
DA:82,5
DA:84,5
DA:90,0
DA:105,5
DA:106,5
DA:108,5
DA:114,0
DA:127,3
DA:128,3
DA:130,3
DA:135,0
DA:150,4
DA:151,4
DA:156,0
DA:168,33
DA:169,2
DA:173,31
DA:174,31
DA:175,31
DA:176,31
DA:177,992
DA:178,31
DA:188,8
DA:191,8
DA:192,8
DA:196,8
DA:197,0
DA:200,8
LF:40
LH:34
BRDA:35,0,0,10
BRDA:35,0,1,2
BRDA:168,1,0,2
BRDA:168,1,1,31
BRDA:168,2,0,33
BRDA:168,2,1,31
BRDA:191,3,0,8
BRDA:191,3,1,0
BRDA:191,4,0,8
BRDA:191,4,1,8
BRDA:196,5,0,0
BRDA:196,5,1,8
BRF:12
BRH:10
end_of_record
TN:
SF:src/oauth-handler.ts
FN:26,(anonymous_0)
FN:38,(anonymous_1)
FN:57,(anonymous_2)
FN:137,(anonymous_3)
FN:163,(anonymous_4)
FN:170,(anonymous_5)
FN:202,(anonymous_6)
FN:218,(anonymous_7)
FN:221,(anonymous_8)
FN:234,(anonymous_9)
FN:247,(anonymous_10)
FN:268,(anonymous_11)
FN:283,(anonymous_12)
FN:298,(anonymous_13)
FNF:14
FNH:14
FNDA:21,(anonymous_0)
FNDA:3,(anonymous_1)
FNDA:8,(anonymous_2)
FNDA:3,(anonymous_3)
FNDA:4,(anonymous_4)
FNDA:2,(anonymous_5)
FNDA:7,(anonymous_6)
FNDA:4,(anonymous_7)
FNDA:153,(anonymous_8)
FNDA:6,(anonymous_9)
FNDA:5,(anonymous_10)
FNDA:3,(anonymous_11)
FNDA:2,(anonymous_12)
FNDA:3,(anonymous_13)
DA:20,2
DA:21,2
DA:22,2
DA:23,2
DA:25,2
DA:27,21
DA:28,21
DA:29,21
DA:30,21
DA:31,21
DA:32,21
DA:39,3
DA:40,3
DA:43,3
DA:45,2
DA:46,2
DA:47,2
DA:48,2
DA:49,2
DA:51,2
DA:58,8
DA:59,8
DA:60,8
DA:61,8
DA:63,8
DA:64,2
DA:74,6
DA:77,2
DA:79,2
DA:80,0
DA:87,2
DA:88,1
DA:98,1
DA:99,1
DA:104,1
DA:105,0
DA:106,0
DA:111,1
DA:123,4
DA:124,4
DA:138,3
DA:140,3
DA:141,3
DA:143,2
DA:144,2
DA:148,1
DA:149,1
DA:150,1
DA:153,0
DA:155,0
DA:156,0
DA:164,4
DA:171,2
DA:173,2
DA:174,2
DA:175,1
DA:180,1
DA:183,1
DA:184,1
DA:188,1
DA:194,1
DA:195,1
DA:205,7
DA:206,7
DA:207,7
DA:208,7
DA:209,7
DA:211,0
DA:219,4
DA:220,4
DA:221,153
DA:222,3
DA:223,3
DA:224,3
DA:225,3
DA:227,1
DA:236,6
DA:237,4
DA:241,2
DA:249,5
DA:250,5
DA:251,5
DA:253,3
DA:262,0
DA:273,3
DA:274,3
DA:275,1
DA:277,2
DA:285,2
DA:286,2
DA:287,1
DA:288,1
DA:289,1
DA:292,1
DA:299,3
LF:95
LH:87
BRDA:63,0,0,2
BRDA:63,0,1,6
BRDA:79,1,0,0
BRDA:79,1,1,2
BRDA:87,2,0,1
BRDA:87,2,1,1
BRDA:104,3,0,0
BRDA:104,3,1,1
BRDA:141,4,0,2
BRDA:141,4,1,1
BRDA:149,5,0,1
BRDA:149,5,1,0
BRDA:174,6,0,1
BRDA:174,6,1,1
BRDA:236,7,0,4
BRDA:236,7,1,2
BRDA:236,8,0,6
BRDA:236,8,1,4
BRDA:249,9,0,5
BRDA:249,9,1,0
BRDA:249,10,0,5
BRDA:249,10,1,5
BRDA:251,11,0,2
BRDA:251,11,1,3
BRDA:274,12,0,1
BRDA:274,12,1,2
BRDA:286,13,0,1
BRDA:286,13,1,1
BRDA:288,14,0,1
BRDA:288,14,1,0
BRF:30
BRH:25
end_of_record
TN:
SF:src/rate-limiting.ts
FN:40,(anonymous_0)
FN:46,(anonymous_1)
FN:80,(anonymous_2)
FN:97,(anonymous_3)
FN:114,(anonymous_4)
FN:131,(anonymous_5)
FN:146,(anonymous_6)
FN:153,(anonymous_7)
FNF:8
FNH:8
FNDA:15,(anonymous_0)
FNDA:1373,(anonymous_1)
FNDA:1370,(anonymous_2)
FNDA:3,(anonymous_3)
FNDA:9,(anonymous_4)
FNDA:4,(anonymous_5)
FNDA:2750,(anonymous_6)
FNDA:2743,(anonymous_7)
DA:27,1
DA:33,1
DA:39,1
DA:40,15
DA:47,1373
DA:49,1371
DA:50,1371
DA:53,1371
DA:54,1371
DA:57,1371
DA:58,4
DA:59,4
DA:68,1367
DA:70,1367
DA:81,1370
DA:83,1370
DA:84,1370
DA:87,1370
DA:88,1370
DA:91,1370
DA:98,3
DA:99,0
DA:102,3
DA:108,3
DA:115,9
DA:116,9
DA:118,9
DA:119,9
DA:121,9
DA:134,4
DA:135,2
DA:136,2
DA:137,1
DA:139,1
DA:147,2750
DA:154,2743
DA:155,1
DA:158,2742
DA:159,1
LF:39
LH:38
BRDA:54,0,0,1348
BRDA:54,0,1,23
BRDA:57,1,0,4
BRDA:57,1,1,1367
BRDA:88,2,0,1345
BRDA:88,2,1,25
BRDA:98,3,0,0
BRDA:98,3,1,3
BRDA:98,4,0,3
BRDA:98,4,1,3
BRDA:119,5,0,4
BRDA:119,5,1,5
BRDA:134,6,0,2
BRDA:134,6,1,2
BRDA:136,7,0,1
BRDA:136,7,1,1
BRDA:154,8,0,1
BRDA:154,8,1,2742
BRDA:154,9,0,2743
BRDA:154,9,1,2742
BRDA:158,10,0,1
BRDA:158,10,1,2741
BRF:22
BRH:21
end_of_record
TN:
SF:src/storage.ts
FN:35,(anonymous_0)
FN:42,(anonymous_1)
FN:69,(anonymous_2)
FN:106,(anonymous_3)
FN:125,(anonymous_4)
FN:134,(anonymous_5)
FN:154,(anonymous_6)
FN:158,(anonymous_7)
FN:174,(anonymous_8)
FN:204,(anonymous_9)
FN:205,(anonymous_10)
FNF:11
FNH:11
FNDA:59,(anonymous_0)
FNDA:82,(anonymous_1)
FNDA:71,(anonymous_2)
FNDA:4,(anonymous_3)
FNDA:21,(anonymous_4)
FNDA:10041,(anonymous_5)
FNDA:3,(anonymous_6)
FNDA:10005,(anonymous_7)
FNDA:158,(anonymous_8)
FNDA:20,(anonymous_9)
FNDA:20,(anonymous_10)
DA:28,3
DA:29,3
DA:30,3
DA:31,3
DA:32,3
DA:34,3
DA:35,59
DA:43,82
DA:45,82
DA:46,90
DA:47,90
DA:49,79
DA:50,42
DA:53,37
DA:55,11
DA:56,3
DA:58,8
DA:62,0
DA:70,71
DA:72,67
DA:73,67
DA:74,1
DA:79,66
DA:80,66
DA:81,40
DA:82,41
DA:83,41
DA:87,66
DA:88,66
DA:90,66
DA:91,70
DA:92,70
DA:93,65
DA:95,5
DA:96,1
DA:98,4
DA:107,4
DA:109,4
DA:110,8
DA:111,8
DA:112,3
DA:114,5
DA:115,1
DA:117,4
DA:126,21
DA:127,1
DA:130,21
DA:131,25
DA:132,25
DA:134,10041
DA:141,5
DA:142,1
DA:144,4
DA:148,0
DA:155,3
DA:157,3
DA:158,10005
DA:160,3
DA:176,158
DA:177,1
DA:181,157
DA:182,1
DA:186,156
DA:187,1
DA:191,155
DA:192,1
DA:196,154
DA:197,0
DA:205,20
LF:69
LH:66
BRDA:49,0,0,42
BRDA:49,0,1,37
BRDA:55,1,0,3
BRDA:55,1,1,8
BRDA:73,2,0,1
BRDA:73,2,1,66
BRDA:80,3,0,40
BRDA:80,3,1,26
BRDA:82,4,0,41
BRDA:82,4,1,0
BRDA:95,5,0,1
BRDA:95,5,1,4
BRDA:114,6,0,1
BRDA:114,6,1,4
BRDA:126,7,0,1
BRDA:126,7,1,20
BRDA:141,8,0,1
BRDA:141,8,1,4
BRDA:161,9,0,3
BRDA:161,9,1,3
BRDA:176,10,0,1
BRDA:176,10,1,157
BRDA:181,11,0,1
BRDA:181,11,1,156
BRDA:186,12,0,1
BRDA:186,12,1,155
BRDA:191,13,0,1
BRDA:191,13,1,154
BRDA:196,14,0,0
BRDA:196,14,1,154
BRF:30
BRH:28
end_of_record
TN:
SF:src/tools/edit.ts
FN:24,editTool
FNF:1
FNH:1
FNDA:21,editTool
DA:24,1
DA:28,21
DA:30,21
DA:31,1
DA:38,20
DA:40,3
DA:41,3
DA:42,1
DA:49,2
DA:51,2
DA:58,17
DA:59,16
DA:60,1
DA:67,15
DA:69,10
DA:70,1
DA:77,9
DA:78,1
DA:85,8
DA:86,8
DA:87,8
DA:88,1
DA:95,7
DA:96,7
DA:99,7
DA:103,12
DA:105,6
DA:106,6
DA:107,1
DA:114,5
DA:115,5
DA:117,5
DA:124,6
DA:125,1
DA:131,5
DA:136,1
DA:137,1
LF:37
LH:37
BRDA:30,0,0,1
BRDA:30,0,1,20
BRDA:30,1,0,21
BRDA:30,1,1,20
BRDA:38,2,0,3
BRDA:38,2,1,17
BRDA:41,3,0,1
BRDA:41,3,1,2
BRDA:59,4,0,1
BRDA:59,4,1,15
BRDA:67,5,0,10
BRDA:67,5,1,5
BRDA:67,6,0,15
BRDA:67,6,1,6
BRDA:69,7,0,1
BRDA:69,7,1,9
BRDA:77,8,0,1
BRDA:77,8,1,8
BRDA:87,9,0,1
BRDA:87,9,1,7
BRDA:95,10,0,7
BRDA:95,10,1,0
BRDA:103,11,0,6
BRDA:103,11,1,6
BRDA:106,12,0,1
BRDA:106,12,1,5
BRDA:124,13,0,1
BRDA:124,13,1,5
BRDA:124,14,0,6
BRDA:124,14,1,1
BRDA:124,14,2,1
BRDA:138,15,0,1
BRDA:138,15,1,0
BRF:33
BRH:31
end_of_record
TN:
SF:src/tools/glob.ts
FN:24,globToRegex
FN:47,globTool
FN:81,(anonymous_2)
FN:84,(anonymous_3)
FN:92,(anonymous_4)
FNF:5
FNH:5
FNDA:18,globToRegex
FNDA:20,globTool
FNDA:263,(anonymous_2)
FNDA:181,(anonymous_3)
FNDA:138,(anonymous_4)
DA:18,1
DA:19,1
DA:25,18
DA:41,18
DA:47,1
DA:51,20
DA:53,20
DA:54,2
DA:61,18
DA:62,18
DA:63,1
DA:68,18
DA:69,18
DA:71,0
DA:78,18
DA:81,263
DA:84,17
DA:85,181
DA:89,17
DA:92,138
DA:98,17
DA:103,1
DA:104,1
LF:23
LH:22
BRDA:53,0,0,2
BRDA:53,0,1,18
BRDA:53,1,0,20
BRDA:53,1,1,18
BRDA:61,2,0,18
BRDA:61,2,1,15
BRDA:62,3,0,1
BRDA:62,3,1,17
BRDA:105,4,0,1
BRDA:105,4,1,0
BRF:10
BRH:9
end_of_record
TN:
SF:src/tools/grep.ts
FN:33,globToRegex
FN:49,grepTool
FN:86,(anonymous_2)
FNF:3
FNH:3
FNDA:3,globToRegex
FNDA:22,grepTool
FNDA:15,(anonymous_2)
DA:27,1
DA:28,1
DA:34,3
DA:43,3
DA:49,1
DA:53,22
DA:55,22
DA:56,2
DA:63,20
DA:64,20
DA:65,1
DA:70,20
DA:71,20
DA:73,1
DA:80,19
DA:83,18
DA:84,18
DA:85,3
DA:86,15
DA:90,18
DA:91,18
DA:93,18
DA:94,84
DA:95,0
DA:99,84
DA:100,84
DA:101,0
DA:105,84
DA:106,84
DA:107,305
DA:108,2
DA:111,303
DA:112,303
DA:113,75
DA:120,75
DA:121,2
DA:122,2
DA:123,2
DA:126,75
DA:127,75
DA:132,18
DA:137,1
DA:138,1
LF:43
LH:41
BRDA:55,0,0,2
BRDA:55,0,1,20
BRDA:55,1,0,22
BRDA:55,1,1,20
BRDA:63,2,0,20
BRDA:63,2,1,18
BRDA:64,3,0,1
BRDA:64,3,1,19
BRDA:84,4,0,3
BRDA:84,4,1,15
BRDA:94,5,0,0
BRDA:94,5,1,84
BRDA:100,6,0,0
BRDA:100,6,1,84
BRDA:107,7,0,2
BRDA:107,7,1,303
BRDA:112,8,0,75
BRDA:112,8,1,228
BRDA:120,9,0,2
BRDA:120,9,1,73
BRDA:120,10,0,75
BRDA:120,10,1,2
BRDA:139,11,0,1
BRDA:139,11,1,0
BRF:24
BRH:21
end_of_record
TN:
SF:src/tools/read.ts
FN:24,readTool
FNF:1
FNH:1
FNDA:18,readTool
DA:19,1
DA:24,1
DA:28,18
DA:30,18
DA:31,2
DA:38,16
DA:39,7
DA:40,7
DA:41,1
DA:46,6
DA:47,1
DA:55,14
DA:57,13
DA:58,1
DA:65,12
DA:66,12
DA:67,5
DA:68,5
DA:71,5
DA:72,5
DA:74,5
DA:78,12
DA:79,5
DA:80,5
DA:82,5
DA:85,4
DA:86,4
DA:87,4
DA:91,12
DA:96,1
DA:97,1
LF:31
LH:31
BRDA:30,0,0,2
BRDA:30,0,1,16
BRDA:30,1,0,18
BRDA:30,1,1,16
BRDA:38,2,0,7
BRDA:38,2,1,9
BRDA:40,3,0,1
BRDA:40,3,1,6
BRDA:40,4,0,7
BRDA:40,4,1,6
BRDA:46,5,0,1
BRDA:46,5,1,5
BRDA:57,6,0,1
BRDA:57,6,1,12
BRDA:66,7,0,5
BRDA:66,7,1,7
BRDA:78,8,0,5
BRDA:78,8,1,7
BRDA:78,9,0,12
BRDA:78,9,1,5
BRDA:82,10,0,4
BRDA:82,10,1,1
BRDA:98,11,0,1
BRDA:98,11,1,0
BRF:24
BRH:23
end_of_record
TN:
SF:src/tools/write.ts
FN:23,writeTool
FNF:1
FNH:1
FNDA:22,writeTool
DA:18,1
DA:23,1
DA:28,22
DA:30,22
DA:31,2
DA:38,20
DA:39,1
DA:46,19
DA:47,1
DA:54,18
DA:55,18
DA:57,18
DA:58,1
DA:65,17
DA:66,17
DA:67,1
DA:74,16
DA:79,15
DA:84,1
DA:85,1
LF:20
LH:20
BRDA:30,0,0,2
BRDA:30,0,1,20
BRDA:30,1,0,22
BRDA:30,1,1,20
BRDA:38,2,0,1
BRDA:38,2,1,19
BRDA:46,3,0,1
BRDA:46,3,1,18
BRDA:46,4,0,19
BRDA:46,4,1,18
BRDA:57,5,0,1
BRDA:57,5,1,17
BRDA:66,6,0,1
BRDA:66,6,1,16
BRDA:86,7,0,1
BRDA:86,7,1,0
BRF:16
BRH:15
end_of_record
